execve("/usr/local/bin/mint", ["mint", "dev"], 0x7ffd9cdd3e58 /* 48 vars */) = 0
brk(NULL)                               = 0x5e76066e2000
mmap(NULL, 8192, PROT_READ|PROT_WRITE, MAP_PRIVATE|MAP_ANONYMOUS, -1, 0) = 0x7d832fc5e000
access("/etc/ld.so.preload", R_OK)      = -1 ENOENT (No such file or directory)
openat(AT_FDCWD, "/etc/ld.so.cache", O_RDONLY|O_CLOEXEC) = 3
fstat(3, {st_mode=S_IFREG|0644, st_size=30023, ...}) = 0
mmap(NULL, 30023, PROT_READ, MAP_PRIVATE, 3, 0) = 0x7d832fc56000
close(3)                                = 0
openat(AT_FDCWD, "/lib/x86_64-linux-gnu/libc.so.6", O_RDONLY|O_CLOEXEC) = 3
read(3, "\177ELF\2\1\1\3\0\0\0\0\0\0\0\0\3\0>\0\1\0\0\0\220\243\2\0\0\0\0\0"..., 832) = 832
pread64(3, "\6\0\0\0\4\0\0\0@\0\0\0\0\0\0\0@\0\0\0\0\0\0\0@\0\0\0\0\0\0\0"..., 784, 64) = 784
fstat(3, {st_mode=S_IFREG|0755, st_size=2125328, ...}) = 0
pread64(3, "\6\0\0\0\4\0\0\0@\0\0\0\0\0\0\0@\0\0\0\0\0\0\0@\0\0\0\0\0\0\0"..., 784, 64) = 784
mmap(NULL, 2170256, PROT_READ, MAP_PRIVATE|MAP_DENYWRITE, 3, 0) = 0x7d832fa00000
mmap(0x7d832fa28000, 1605632, PROT_READ|PROT_EXEC, MAP_PRIVATE|MAP_FIXED|MAP_DENYWRITE, 3, 0x28000) = 0x7d832fa28000
mmap(0x7d832fbb0000, 323584, PROT_READ, MAP_PRIVATE|MAP_FIXED|MAP_DENYWRITE, 3, 0x1b0000) = 0x7d832fbb0000
mmap(0x7d832fbff000, 24576, PROT_READ|PROT_WRITE, MAP_PRIVATE|MAP_FIXED|MAP_DENYWRITE, 3, 0x1fe000) = 0x7d832fbff000
mmap(0x7d832fc05000, 52624, PROT_READ|PROT_WRITE, MAP_PRIVATE|MAP_FIXED|MAP_ANONYMOUS, -1, 0) = 0x7d832fc05000
close(3)                                = 0
mmap(NULL, 12288, PROT_READ|PROT_WRITE, MAP_PRIVATE|MAP_ANONYMOUS, -1, 0) = 0x7d832fc53000
arch_prctl(ARCH_SET_FS, 0x7d832fc53740) = 0
set_tid_address(0x7d832fc53a10)         = 660102
set_robust_list(0x7d832fc53a20, 24)     = 0
rseq(0x7d832fc54060, 0x20, 0, 0x53053053) = 0
mprotect(0x7d832fbff000, 16384, PROT_READ) = 0
mprotect(0x5e75f2bbf000, 4096, PROT_READ) = 0
mprotect(0x7d832fc96000, 8192, PROT_READ) = 0
prlimit64(0, RLIMIT_STACK, NULL, {rlim_cur=8192*1024, rlim_max=RLIM64_INFINITY}) = 0
munmap(0x7d832fc56000, 30023)           = 0
getrandom("\x89\xd9\xbd\x2e\x00\xc5\xef\x82", 8, GRND_NONBLOCK) = 8
brk(NULL)                               = 0x5e76066e2000
brk(0x5e7606703000)                     = 0x5e7606703000
openat(AT_FDCWD, "/usr/lib/locale/locale-archive", O_RDONLY|O_CLOEXEC) = 3
fstat(3, {st_mode=S_IFREG|0644, st_size=3055776, ...}) = 0
mmap(NULL, 3055776, PROT_READ, MAP_PRIVATE, 3, 0) = 0x7d832f600000
close(3)                                = 0
execve("/home/sarah/MemMachine/.venv/bin/node", ["node", "/usr/local/bin/mint", "dev"], 0x7fff074687c0 /* 48 vars */) = -1 ENOENT (No such file or directory)
execve("/home/sarah/.vscode/cli/servers/Stable-bf9252a2fb45be6893dd8870c0bf37e2e1766d61/server/bin/remote-cli/node", ["node", "/usr/local/bin/mint", "dev"], 0x7fff074687c0 /* 48 vars */) = -1 ENOENT (No such file or directory)
execve("/usr/local/sbin/node", ["node", "/usr/local/bin/mint", "dev"], 0x7fff074687c0 /* 48 vars */) = -1 ENOENT (No such file or directory)
execve("/usr/local/bin/node", ["node", "/usr/local/bin/mint", "dev"], 0x7fff074687c0 /* 48 vars */) = -1 ENOENT (No such file or directory)
execve("/usr/sbin/node", ["node", "/usr/local/bin/mint", "dev"], 0x7fff074687c0 /* 48 vars */) = -1 ENOENT (No such file or directory)
execve("/usr/bin/node", ["node", "/usr/local/bin/mint", "dev"], 0x7fff074687c0 /* 48 vars */) = 0
brk(NULL)                               = 0x5e7a9fcd2000
mmap(NULL, 8192, PROT_READ|PROT_WRITE, MAP_PRIVATE|MAP_ANONYMOUS, -1, 0) = 0x7d6887f6f000
readlinkat(AT_FDCWD, "/proc/self/exe", "/usr/bin/node", 4096) = 13
access("/etc/ld.so.preload", R_OK)      = -1 ENOENT (No such file or directory)
openat(AT_FDCWD, "/usr/bin/../lib/glibc-hwcaps/x86-64-v3/libnode.so.109", O_RDONLY|O_CLOEXEC) = -1 ENOENT (No such file or directory)
newfstatat(AT_FDCWD, "/usr/bin/../lib/glibc-hwcaps/x86-64-v3/", 0x7ffe39e55510, 0) = -1 ENOENT (No such file or directory)
openat(AT_FDCWD, "/usr/bin/../lib/glibc-hwcaps/x86-64-v2/libnode.so.109", O_RDONLY|O_CLOEXEC) = -1 ENOENT (No such file or directory)
newfstatat(AT_FDCWD, "/usr/bin/../lib/glibc-hwcaps/x86-64-v2/", 0x7ffe39e55510, 0) = -1 ENOENT (No such file or directory)
openat(AT_FDCWD, "/usr/bin/../lib/libnode.so.109", O_RDONLY|O_CLOEXEC) = -1 ENOENT (No such file or directory)
newfstatat(AT_FDCWD, "/usr/bin/../lib/", {st_mode=S_IFDIR|0755, st_size=4096, ...}, 0) = 0
openat(AT_FDCWD, "/usr/bin/glibc-hwcaps/x86-64-v3/libnode.so.109", O_RDONLY|O_CLOEXEC) = -1 ENOENT (No such file or directory)
newfstatat(AT_FDCWD, "/usr/bin/glibc-hwcaps/x86-64-v3/", 0x7ffe39e55510, 0) = -1 ENOENT (No such file or directory)
openat(AT_FDCWD, "/usr/bin/glibc-hwcaps/x86-64-v2/libnode.so.109", O_RDONLY|O_CLOEXEC) = -1 ENOENT (No such file or directory)
newfstatat(AT_FDCWD, "/usr/bin/glibc-hwcaps/x86-64-v2/", 0x7ffe39e55510, 0) = -1 ENOENT (No such file or directory)
openat(AT_FDCWD, "/usr/bin/libnode.so.109", O_RDONLY|O_CLOEXEC) = -1 ENOENT (No such file or directory)
newfstatat(AT_FDCWD, "/usr/bin/", {st_mode=S_IFDIR|0755, st_size=40960, ...}, 0) = 0
openat(AT_FDCWD, "/etc/ld.so.cache", O_RDONLY|O_CLOEXEC) = 3
fstat(3, {st_mode=S_IFREG|0644, st_size=30023, ...}) = 0
mmap(NULL, 30023, PROT_READ, MAP_PRIVATE, 3, 0) = 0x7d6887f67000
close(3)                                = 0
openat(AT_FDCWD, "/lib/x86_64-linux-gnu/libnode.so.109", O_RDONLY|O_CLOEXEC) = 3
read(3, "\177ELF\2\1\1\3\0\0\0\0\0\0\0\0\3\0>\0\1\0\0\0\0\0\0\0\0\0\0\0"..., 832) = 832
fstat(3, {st_mode=S_IFREG|0644, st_size=47772280, ...}) = 0
mmap(NULL, 47888856, PROT_READ, MAP_PRIVATE|MAP_DENYWRITE, 3, 0) = 0x7d6885000000
mmap(0x7d688587d000, 29593600, PROT_READ|PROT_EXEC, MAP_PRIVATE|MAP_FIXED|MAP_DENYWRITE, 3, 0x87d000) = 0x7d688587d000
mmap(0x7d68874b6000, 8421376, PROT_READ, MAP_PRIVATE|MAP_FIXED|MAP_DENYWRITE, 3, 0x24b6000) = 0x7d68874b6000
mmap(0x7d6887cbe000, 860160, PROT_READ|PROT_WRITE, MAP_PRIVATE|MAP_FIXED|MAP_DENYWRITE, 3, 0x2cbd000) = 0x7d6887cbe000
mmap(0x7d6887d90000, 113112, PROT_READ|PROT_WRITE, MAP_PRIVATE|MAP_FIXED|MAP_ANONYMOUS, -1, 0) = 0x7d6887d90000
close(3)                                = 0
openat(AT_FDCWD, "/usr/bin/../lib/libc.so.6", O_RDONLY|O_CLOEXEC) = -1 ENOENT (No such file or directory)
openat(AT_FDCWD, "/usr/bin/libc.so.6", O_RDONLY|O_CLOEXEC) = -1 ENOENT (No such file or directory)
openat(AT_FDCWD, "/lib/x86_64-linux-gnu/libc.so.6", O_RDONLY|O_CLOEXEC) = 3
read(3, "\177ELF\2\1\1\3\0\0\0\0\0\0\0\0\3\0>\0\1\0\0\0\220\243\2\0\0\0\0\0"..., 832) = 832
pread64(3, "\6\0\0\0\4\0\0\0@\0\0\0\0\0\0\0@\0\0\0\0\0\0\0@\0\0\0\0\0\0\0"..., 784, 64) = 784
fstat(3, {st_mode=S_IFREG|0755, st_size=2125328, ...}) = 0
pread64(3, "\6\0\0\0\4\0\0\0@\0\0\0\0\0\0\0@\0\0\0\0\0\0\0@\0\0\0\0\0\0\0"..., 784, 64) = 784
mmap(NULL, 2170256, PROT_READ, MAP_PRIVATE|MAP_DENYWRITE, 3, 0) = 0x7d6884c00000
mmap(0x7d6884c28000, 1605632, PROT_READ|PROT_EXEC, MAP_PRIVATE|MAP_FIXED|MAP_DENYWRITE, 3, 0x28000) = 0x7d6884c28000
mmap(0x7d6884db0000, 323584, PROT_READ, MAP_PRIVATE|MAP_FIXED|MAP_DENYWRITE, 3, 0x1b0000) = 0x7d6884db0000
mmap(0x7d6884dff000, 24576, PROT_READ|PROT_WRITE, MAP_PRIVATE|MAP_FIXED|MAP_DENYWRITE, 3, 0x1fe000) = 0x7d6884dff000
mmap(0x7d6884e05000, 52624, PROT_READ|PROT_WRITE, MAP_PRIVATE|MAP_FIXED|MAP_ANONYMOUS, -1, 0) = 0x7d6884e05000
close(3)                                = 0
openat(AT_FDCWD, "/lib/x86_64-linux-gnu/libz.so.1", O_RDONLY|O_CLOEXEC) = 3
read(3, "\177ELF\2\1\1\0\0\0\0\0\0\0\0\0\3\0>\0\1\0\0\0\0\0\0\0\0\0\0\0"..., 832) = 832
fstat(3, {st_mode=S_IFREG|0644, st_size=113000, ...}) = 0
mmap(NULL, 110744, PROT_READ, MAP_PRIVATE|MAP_DENYWRITE, 3, 0) = 0x7d6887f4b000
mmap(0x7d6887f4d000, 73728, PROT_READ|PROT_EXEC, MAP_PRIVATE|MAP_FIXED|MAP_DENYWRITE, 3, 0x2000) = 0x7d6887f4d000
mmap(0x7d6887f5f000, 24576, PROT_READ, MAP_PRIVATE|MAP_FIXED|MAP_DENYWRITE, 3, 0x14000) = 0x7d6887f5f000
mmap(0x7d6887f65000, 8192, PROT_READ|PROT_WRITE, MAP_PRIVATE|MAP_FIXED|MAP_DENYWRITE, 3, 0x1a000) = 0x7d6887f65000
close(3)                                = 0
openat(AT_FDCWD, "/lib/x86_64-linux-gnu/libuv.so.1", O_RDONLY|O_CLOEXEC) = 3
read(3, "\177ELF\2\1\1\0\0\0\0\0\0\0\0\0\3\0>\0\1\0\0\0\0\0\0\0\0\0\0\0"..., 832) = 832
fstat(3, {st_mode=S_IFREG|0644, st_size=211032, ...}) = 0
mmap(NULL, 214760, PROT_READ, MAP_PRIVATE|MAP_DENYWRITE, 3, 0) = 0x7d6887f16000
mmap(0x7d6887f1e000, 139264, PROT_READ|PROT_EXEC, MAP_PRIVATE|MAP_FIXED|MAP_DENYWRITE, 3, 0x8000) = 0x7d6887f1e000
mmap(0x7d6887f40000, 36864, PROT_READ, MAP_PRIVATE|MAP_FIXED|MAP_DENYWRITE, 3, 0x2a000) = 0x7d6887f40000
mmap(0x7d6887f49000, 8192, PROT_READ|PROT_WRITE, MAP_PRIVATE|MAP_FIXED|MAP_DENYWRITE, 3, 0x32000) = 0x7d6887f49000
close(3)                                = 0
openat(AT_FDCWD, "/lib/x86_64-linux-gnu/libbrotlidec.so.1", O_RDONLY|O_CLOEXEC) = 3
read(3, "\177ELF\2\1\1\0\0\0\0\0\0\0\0\0\3\0>\0\1\0\0\0\0\0\0\0\0\0\0\0"..., 832) = 832
fstat(3, {st_mode=S_IFREG|0644, st_size=51512, ...}) = 0
mmap(NULL, 53352, PROT_READ, MAP_PRIVATE|MAP_DENYWRITE, 3, 0) = 0x7d6887f08000
mmap(0x7d6887f09000, 32768, PROT_READ|PROT_EXEC, MAP_PRIVATE|MAP_FIXED|MAP_DENYWRITE, 3, 0x1000) = 0x7d6887f09000
mmap(0x7d6887f11000, 12288, PROT_READ, MAP_PRIVATE|MAP_FIXED|MAP_DENYWRITE, 3, 0x9000) = 0x7d6887f11000
mmap(0x7d6887f14000, 8192, PROT_READ|PROT_WRITE, MAP_PRIVATE|MAP_FIXED|MAP_DENYWRITE, 3, 0xb000) = 0x7d6887f14000
close(3)                                = 0
openat(AT_FDCWD, "/lib/x86_64-linux-gnu/libbrotlienc.so.1", O_RDONLY|O_CLOEXEC) = 3
read(3, "\177ELF\2\1\1\0\0\0\0\0\0\0\0\0\3\0>\0\1\0\0\0\0\0\0\0\0\0\0\0"..., 832) = 832
fstat(3, {st_mode=S_IFREG|0644, st_size=645816, ...}) = 0
mmap(NULL, 8192, PROT_READ|PROT_WRITE, MAP_PRIVATE|MAP_ANONYMOUS, -1, 0) = 0x7d6887f06000
mmap(NULL, 647816, PROT_READ, MAP_PRIVATE|MAP_DENYWRITE, 3, 0) = 0x7d6887e67000
mmap(0x7d6887e68000, 311296, PROT_READ|PROT_EXEC, MAP_PRIVATE|MAP_FIXED|MAP_DENYWRITE, 3, 0x1000) = 0x7d6887e68000
mmap(0x7d6887eb4000, 327680, PROT_READ, MAP_PRIVATE|MAP_FIXED|MAP_DENYWRITE, 3, 0x4d000) = 0x7d6887eb4000
mmap(0x7d6887f04000, 8192, PROT_READ|PROT_WRITE, MAP_PRIVATE|MAP_FIXED|MAP_DENYWRITE, 3, 0x9c000) = 0x7d6887f04000
close(3)                                = 0
openat(AT_FDCWD, "/lib/x86_64-linux-gnu/libcares.so.2", O_RDONLY|O_CLOEXEC) = 3
read(3, "\177ELF\2\1\1\0\0\0\0\0\0\0\0\0\3\0>\0\1\0\0\0\0\0\0\0\0\0\0\0"..., 832) = 832
fstat(3, {st_mode=S_IFREG|0644, st_size=157792, ...}) = 0
mmap(NULL, 159784, PROT_READ, MAP_PRIVATE|MAP_DENYWRITE, 3, 0) = 0x7d6887e3f000
mmap(0x7d6887e43000, 114688, PROT_READ|PROT_EXEC, MAP_PRIVATE|MAP_FIXED|MAP_DENYWRITE, 3, 0x4000) = 0x7d6887e43000
mmap(0x7d6887e5f000, 24576, PROT_READ, MAP_PRIVATE|MAP_FIXED|MAP_DENYWRITE, 3, 0x20000) = 0x7d6887e5f000
mmap(0x7d6887e65000, 8192, PROT_READ|PROT_WRITE, MAP_PRIVATE|MAP_FIXED|MAP_DENYWRITE, 3, 0x25000) = 0x7d6887e65000
close(3)                                = 0
openat(AT_FDCWD, "/lib/x86_64-linux-gnu/libnghttp2.so.14", O_RDONLY|O_CLOEXEC) = 3
read(3, "\177ELF\2\1\1\0\0\0\0\0\0\0\0\0\3\0>\0\1\0\0\0\0\0\0\0\0\0\0\0"..., 832) = 832
fstat(3, {st_mode=S_IFREG|0644, st_size=170352, ...}) = 0
mmap(NULL, 172272, PROT_READ, MAP_PRIVATE|MAP_DENYWRITE, 3, 0) = 0x7d6887e14000
mmap(0x7d6887e19000, 90112, PROT_READ|PROT_EXEC, MAP_PRIVATE|MAP_FIXED|MAP_DENYWRITE, 3, 0x5000) = 0x7d6887e19000
mmap(0x7d6887e2f000, 49152, PROT_READ, MAP_PRIVATE|MAP_FIXED|MAP_DENYWRITE, 3, 0x1b000) = 0x7d6887e2f000
mmap(0x7d6887e3b000, 16384, PROT_READ|PROT_WRITE, MAP_PRIVATE|MAP_FIXED|MAP_DENYWRITE, 3, 0x26000) = 0x7d6887e3b000
close(3)                                = 0
openat(AT_FDCWD, "/lib/x86_64-linux-gnu/libcrypto.so.3", O_RDONLY|O_CLOEXEC) = 3
read(3, "\177ELF\2\1\1\0\0\0\0\0\0\0\0\0\3\0>\0\1\0\0\0\0\0\0\0\0\0\0\0"..., 832) = 832
fstat(3, {st_mode=S_IFREG|0644, st_size=5305304, ...}) = 0
mmap(NULL, 5319632, PROT_READ, MAP_PRIVATE|MAP_DENYWRITE, 3, 0) = 0x7d6884600000
mmap(0x7d68846b3000, 3354624, PROT_READ|PROT_EXEC, MAP_PRIVATE|MAP_FIXED|MAP_DENYWRITE, 3, 0xb3000) = 0x7d68846b3000
mmap(0x7d68849e6000, 831488, PROT_READ, MAP_PRIVATE|MAP_FIXED|MAP_DENYWRITE, 3, 0x3e6000) = 0x7d68849e6000
mmap(0x7d6884ab1000, 389120, PROT_READ|PROT_WRITE, MAP_PRIVATE|MAP_FIXED|MAP_DENYWRITE, 3, 0x4b0000) = 0x7d6884ab1000
mmap(0x7d6884b10000, 11216, PROT_READ|PROT_WRITE, MAP_PRIVATE|MAP_FIXED|MAP_ANONYMOUS, -1, 0) = 0x7d6884b10000
close(3)                                = 0
openat(AT_FDCWD, "/lib/x86_64-linux-gnu/libssl.so.3", O_RDONLY|O_CLOEXEC) = 3
read(3, "\177ELF\2\1\1\0\0\0\0\0\0\0\0\0\3\0>\0\1\0\0\0\0\0\0\0\0\0\0\0"..., 832) = 832
fstat(3, {st_mode=S_IFREG|0644, st_size=696512, ...}) = 0
mmap(NULL, 694384, PROT_READ, MAP_PRIVATE|MAP_DENYWRITE, 3, 0) = 0x7d6884f56000
mmap(0x7d6884f74000, 401408, PROT_READ|PROT_EXEC, MAP_PRIVATE|MAP_FIXED|MAP_DENYWRITE, 3, 0x1e000) = 0x7d6884f74000
mmap(0x7d6884fd6000, 114688, PROT_READ, MAP_PRIVATE|MAP_FIXED|MAP_DENYWRITE, 3, 0x80000) = 0x7d6884fd6000
mmap(0x7d6884ff2000, 57344, PROT_READ|PROT_WRITE, MAP_PRIVATE|MAP_FIXED|MAP_DENYWRITE, 3, 0x9c000) = 0x7d6884ff2000
close(3)                                = 0
openat(AT_FDCWD, "/lib/x86_64-linux-gnu/libicui18n.so.74", O_RDONLY|O_CLOEXEC) = 3
read(3, "\177ELF\2\1\1\0\0\0\0\0\0\0\0\0\3\0>\0\1\0\0\0\0\0\0\0\0\0\0\0"..., 832) = 832
fstat(3, {st_mode=S_IFREG|0644, st_size=3455304, ...}) = 0
mmap(NULL, 3461896, PROT_READ, MAP_PRIVATE|MAP_DENYWRITE, 3, 0) = 0x7d6884200000
mmap(0x7d68842ee000, 1847296, PROT_READ|PROT_EXEC, MAP_PRIVATE|MAP_FIXED|MAP_DENYWRITE, 3, 0xee000) = 0x7d68842ee000
mmap(0x7d68844b1000, 561152, PROT_READ, MAP_PRIVATE|MAP_FIXED|MAP_DENYWRITE, 3, 0x2b1000) = 0x7d68844b1000
mmap(0x7d688453a000, 77824, PROT_READ|PROT_WRITE, MAP_PRIVATE|MAP_FIXED|MAP_DENYWRITE, 3, 0x339000) = 0x7d688453a000
mmap(0x7d688454d000, 776, PROT_READ|PROT_WRITE, MAP_PRIVATE|MAP_FIXED|MAP_ANONYMOUS, -1, 0) = 0x7d688454d000
close(3)                                = 0
openat(AT_FDCWD, "/lib/x86_64-linux-gnu/libicuuc.so.74", O_RDONLY|O_CLOEXEC) = 3
read(3, "\177ELF\2\1\1\0\0\0\0\0\0\0\0\0\3\0>\0\1\0\0\0\0\0\0\0\0\0\0\0"..., 832) = 832
fstat(3, {st_mode=S_IFREG|0644, st_size=2140336, ...}) = 0
mmap(NULL, 8192, PROT_READ|PROT_WRITE, MAP_PRIVATE|MAP_ANONYMOUS, -1, 0) = 0x7d6887e12000
mmap(NULL, 2147232, PROT_READ, MAP_PRIVATE|MAP_DENYWRITE, 3, 0) = 0x7d6883e00000
mmap(0x7d6883e68000, 1069056, PROT_READ|PROT_EXEC, MAP_PRIVATE|MAP_FIXED|MAP_DENYWRITE, 3, 0x68000) = 0x7d6883e68000
mmap(0x7d6883f6d000, 565248, PROT_READ, MAP_PRIVATE|MAP_FIXED|MAP_DENYWRITE, 3, 0x16d000) = 0x7d6883f6d000
mmap(0x7d6883ff7000, 81920, PROT_READ|PROT_WRITE, MAP_PRIVATE|MAP_FIXED|MAP_DENYWRITE, 3, 0x1f7000) = 0x7d6883ff7000
mmap(0x7d688400b000, 5024, PROT_READ|PROT_WRITE, MAP_PRIVATE|MAP_FIXED|MAP_ANONYMOUS, -1, 0) = 0x7d688400b000
close(3)                                = 0
openat(AT_FDCWD, "/lib/x86_64-linux-gnu/libstdc++.so.6", O_RDONLY|O_CLOEXEC) = 3
read(3, "\177ELF\2\1\1\3\0\0\0\0\0\0\0\0\3\0>\0\1\0\0\0\0\0\0\0\0\0\0\0"..., 832) = 832
fstat(3, {st_mode=S_IFREG|0644, st_size=2592224, ...}) = 0
mmap(NULL, 2609472, PROT_READ, MAP_PRIVATE|MAP_DENYWRITE, 3, 0) = 0x7d6883a00000
mmap(0x7d6883a9d000, 1343488, PROT_READ|PROT_EXEC, MAP_PRIVATE|MAP_FIXED|MAP_DENYWRITE, 3, 0x9d000) = 0x7d6883a9d000
mmap(0x7d6883be5000, 552960, PROT_READ, MAP_PRIVATE|MAP_FIXED|MAP_DENYWRITE, 3, 0x1e5000) = 0x7d6883be5000
mmap(0x7d6883c6c000, 57344, PROT_READ|PROT_WRITE, MAP_PRIVATE|MAP_FIXED|MAP_DENYWRITE, 3, 0x26b000) = 0x7d6883c6c000
mmap(0x7d6883c7a000, 12608, PROT_READ|PROT_WRITE, MAP_PRIVATE|MAP_FIXED|MAP_ANONYMOUS, -1, 0) = 0x7d6883c7a000
close(3)                                = 0
openat(AT_FDCWD, "/lib/x86_64-linux-gnu/libm.so.6", O_RDONLY|O_CLOEXEC) = 3
read(3, "\177ELF\2\1\1\3\0\0\0\0\0\0\0\0\3\0>\0\1\0\0\0\0\0\0\0\0\0\0\0"..., 832) = 832
fstat(3, {st_mode=S_IFREG|0644, st_size=952616, ...}) = 0
mmap(NULL, 950296, PROT_READ, MAP_PRIVATE|MAP_DENYWRITE, 3, 0) = 0x7d6884e6d000
mmap(0x7d6884e7d000, 520192, PROT_READ|PROT_EXEC, MAP_PRIVATE|MAP_FIXED|MAP_DENYWRITE, 3, 0x10000) = 0x7d6884e7d000
mmap(0x7d6884efc000, 360448, PROT_READ, MAP_PRIVATE|MAP_FIXED|MAP_DENYWRITE, 3, 0x8f000) = 0x7d6884efc000
mmap(0x7d6884f54000, 8192, PROT_READ|PROT_WRITE, MAP_PRIVATE|MAP_FIXED|MAP_DENYWRITE, 3, 0xe7000) = 0x7d6884f54000
close(3)                                = 0
openat(AT_FDCWD, "/lib/x86_64-linux-gnu/libgcc_s.so.1", O_RDONLY|O_CLOEXEC) = 3
read(3, "\177ELF\2\1\1\0\0\0\0\0\0\0\0\0\3\0>\0\1\0\0\0\0\0\0\0\0\0\0\0"..., 832) = 832
fstat(3, {st_mode=S_IFREG|0644, st_size=183024, ...}) = 0
mmap(NULL, 185256, PROT_READ, MAP_PRIVATE|MAP_DENYWRITE, 3, 0) = 0x7d6887de4000
mmap(0x7d6887de8000, 147456, PROT_READ|PROT_EXEC, MAP_PRIVATE|MAP_FIXED|MAP_DENYWRITE, 3, 0x4000) = 0x7d6887de8000
mmap(0x7d6887e0c000, 16384, PROT_READ, MAP_PRIVATE|MAP_FIXED|MAP_DENYWRITE, 3, 0x28000) = 0x7d6887e0c000
mmap(0x7d6887e10000, 8192, PROT_READ|PROT_WRITE, MAP_PRIVATE|MAP_FIXED|MAP_DENYWRITE, 3, 0x2b000) = 0x7d6887e10000
close(3)                                = 0
openat(AT_FDCWD, "/lib/x86_64-linux-gnu/libbrotlicommon.so.1", O_RDONLY|O_CLOEXEC) = 3
read(3, "\177ELF\2\1\1\0\0\0\0\0\0\0\0\0\3\0>\0\1\0\0\0\0\0\0\0\0\0\0\0"..., 832) = 832
fstat(3, {st_mode=S_IFREG|0644, st_size=141640, ...}) = 0
mmap(NULL, 139304, PROT_READ, MAP_PRIVATE|MAP_DENYWRITE, 3, 0) = 0x7d6887dc1000
mmap(0x7d6887dc2000, 4096, PROT_READ|PROT_EXEC, MAP_PRIVATE|MAP_FIXED|MAP_DENYWRITE, 3, 0x1000) = 0x7d6887dc2000
mmap(0x7d6887dc3000, 126976, PROT_READ, MAP_PRIVATE|MAP_FIXED|MAP_DENYWRITE, 3, 0x2000) = 0x7d6887dc3000
mmap(0x7d6887de2000, 8192, PROT_READ|PROT_WRITE, MAP_PRIVATE|MAP_FIXED|MAP_DENYWRITE, 3, 0x21000) = 0x7d6887de2000
close(3)                                = 0
openat(AT_FDCWD, "/lib/x86_64-linux-gnu/libicudata.so.74", O_RDONLY|O_CLOEXEC) = 3
read(3, "\177ELF\2\1\1\0\0\0\0\0\0\0\0\0\3\0>\0\1\0\0\0\0\0\0\0\0\0\0\0"..., 832) = 832
fstat(3, {st_mode=S_IFREG|0644, st_size=30795392, ...}) = 0
mmap(NULL, 8192, PROT_READ|PROT_WRITE, MAP_PRIVATE|MAP_ANONYMOUS, -1, 0) = 0x7d6887dbf000
mmap(NULL, 30797840, PROT_READ, MAP_PRIVATE|MAP_DENYWRITE, 3, 0) = 0x7d6881c00000
mmap(0x7d6881c01000, 4096, PROT_READ|PROT_EXEC, MAP_PRIVATE|MAP_FIXED|MAP_DENYWRITE, 3, 0x1000) = 0x7d6881c01000
mmap(0x7d6881c02000, 30785536, PROT_READ, MAP_PRIVATE|MAP_FIXED|MAP_DENYWRITE, 3, 0x2000) = 0x7d6881c02000
mmap(0x7d688395e000, 8192, PROT_READ|PROT_WRITE, MAP_PRIVATE|MAP_FIXED|MAP_DENYWRITE, 3, 0x1d5d000) = 0x7d688395e000
close(3)                                = 0
mmap(NULL, 8192, PROT_READ|PROT_WRITE, MAP_PRIVATE|MAP_ANONYMOUS, -1, 0) = 0x7d6887dbd000
mmap(NULL, 12288, PROT_READ|PROT_WRITE, MAP_PRIVATE|MAP_ANONYMOUS, -1, 0) = 0x7d6887dba000
arch_prctl(ARCH_SET_FS, 0x7d6887dba800) = 0
set_tid_address(0x7d6887dbaad0)         = 660102
set_robust_list(0x7d6887dbaae0, 24)     = 0
rseq(0x7d6887dbb120, 0x20, 0, 0x53053053) = 0
mprotect(0x7d6884dff000, 16384, PROT_READ) = 0
mprotect(0x7d688395e000, 4096, PROT_READ) = 0
mprotect(0x7d6887de2000, 4096, PROT_READ) = 0
mprotect(0x7d6887e10000, 4096, PROT_READ) = 0
mprotect(0x7d6884f54000, 4096, PROT_READ) = 0
mprotect(0x7d6883c6c000, 45056, PROT_READ) = 0
mprotect(0x7d6883ff7000, 77824, PROT_READ) = 0
mprotect(0x7d688453a000, 73728, PROT_READ) = 0
mprotect(0x7d6884ab1000, 376832, PROT_READ) = 0
mprotect(0x7d6884ff2000, 40960, PROT_READ) = 0
mprotect(0x7d6887e3b000, 12288, PROT_READ) = 0
mprotect(0x7d6887e65000, 4096, PROT_READ) = 0
mprotect(0x7d6887f04000, 4096, PROT_READ) = 0
mprotect(0x7d6887f14000, 4096, PROT_READ) = 0
mprotect(0x7d6887f49000, 4096, PROT_READ) = 0
mprotect(0x7d6887f65000, 4096, PROT_READ) = 0
mmap(NULL, 12288, PROT_READ|PROT_WRITE, MAP_PRIVATE|MAP_ANONYMOUS, -1, 0) = 0x7d6887db7000
mmap(NULL, 20480, PROT_READ|PROT_WRITE, MAP_PRIVATE|MAP_ANONYMOUS, -1, 0) = 0x7d6887db2000
mmap(NULL, 36864, PROT_READ|PROT_WRITE, MAP_PRIVATE|MAP_ANONYMOUS, -1, 0) = 0x7d6884e64000
mmap(NULL, 69632, PROT_READ|PROT_WRITE, MAP_PRIVATE|MAP_ANONYMOUS, -1, 0) = 0x7d6884e53000
mmap(NULL, 135168, PROT_READ|PROT_WRITE, MAP_PRIVATE|MAP_ANONYMOUS, -1, 0) = 0x7d6884e32000
mprotect(0x7d6887cbe000, 774144, PROT_READ) = 0
mprotect(0x5e7a8f0d4000, 4096, PROT_READ) = 0
mprotect(0x7d6887fa7000, 8192, PROT_READ) = 0
prlimit64(0, RLIMIT_STACK, NULL, {rlim_cur=8192*1024, rlim_max=RLIM64_INFINITY}) = 0
munmap(0x7d6887f67000, 30023)           = 0
futex(0x7d6883c7a7bc, FUTEX_WAKE_PRIVATE, 2147483647) = 0
getrandom("\xad\xea\x46\x45\xa6\xaa\xef\x61", 8, GRND_NONBLOCK) = 8
brk(NULL)                               = 0x5e7a9fcd2000
brk(0x5e7a9fcf3000)                     = 0x5e7a9fcf3000
brk(0x5e7a9fd14000)                     = 0x5e7a9fd14000
futex(0x7d6887f4a640, FUTEX_WAKE_PRIVATE, 2147483647) = 0
getpid()                                = 660102
capget({version=_LINUX_CAPABILITY_VERSION_3, pid=660102}, {effective=0, permitted=0, inheritable=0}) = 0
getuid()                                = 1001
geteuid()                               = 1001
getgid()                                = 1001
getegid()                               = 1001
fstat(0, {st_mode=S_IFCHR|0620, st_rdev=makedev(0x88, 0x2), ...}) = 0
fstat(1, {st_mode=S_IFCHR|0620, st_rdev=makedev(0x88, 0x2), ...}) = 0
fstat(2, {st_mode=S_IFCHR|0620, st_rdev=makedev(0x88, 0x2), ...}) = 0
rt_sigprocmask(SIG_SETMASK, [USR1], NULL, 8) = 0
rt_sigaction(SIGHUP, NULL, {sa_handler=SIG_DFL, sa_mask=[], sa_flags=0}, 8) = 0
rt_sigaction(SIGINT, NULL, {sa_handler=SIG_DFL, sa_mask=[], sa_flags=0}, 8) = 0
rt_sigaction(SIGQUIT, NULL, {sa_handler=SIG_DFL, sa_mask=[], sa_flags=0}, 8) = 0
rt_sigaction(SIGILL, NULL, {sa_handler=SIG_DFL, sa_mask=[], sa_flags=0}, 8) = 0
rt_sigaction(SIGTRAP, NULL, {sa_handler=SIG_DFL, sa_mask=[], sa_flags=0}, 8) = 0
rt_sigaction(SIGABRT, NULL, {sa_handler=SIG_DFL, sa_mask=[], sa_flags=0}, 8) = 0
rt_sigaction(SIGBUS, NULL, {sa_handler=SIG_DFL, sa_mask=[], sa_flags=0}, 8) = 0
rt_sigaction(SIGFPE, NULL, {sa_handler=SIG_DFL, sa_mask=[], sa_flags=0}, 8) = 0
rt_sigaction(SIGUSR1, NULL, {sa_handler=SIG_DFL, sa_mask=[], sa_flags=0}, 8) = 0
rt_sigaction(SIGSEGV, NULL, {sa_handler=SIG_DFL, sa_mask=[], sa_flags=0}, 8) = 0
rt_sigaction(SIGUSR2, NULL, {sa_handler=SIG_DFL, sa_mask=[], sa_flags=0}, 8) = 0
rt_sigaction(SIGPIPE, {sa_handler=SIG_IGN, sa_mask=[], sa_flags=SA_RESTORER, sa_restorer=0x7d6884c45330}, NULL, 8) = 0
rt_sigaction(SIGALRM, NULL, {sa_handler=SIG_DFL, sa_mask=[], sa_flags=0}, 8) = 0
rt_sigaction(SIGTERM, NULL, {sa_handler=SIG_DFL, sa_mask=[], sa_flags=0}, 8) = 0
rt_sigaction(SIGSTKFLT, NULL, {sa_handler=SIG_DFL, sa_mask=[], sa_flags=0}, 8) = 0
rt_sigaction(SIGCHLD, NULL, {sa_handler=SIG_DFL, sa_mask=[], sa_flags=0}, 8) = 0
rt_sigaction(SIGCONT, NULL, {sa_handler=SIG_DFL, sa_mask=[], sa_flags=0}, 8) = 0
rt_sigaction(SIGTSTP, NULL, {sa_handler=SIG_DFL, sa_mask=[], sa_flags=0}, 8) = 0
rt_sigaction(SIGTTIN, NULL, {sa_handler=SIG_DFL, sa_mask=[], sa_flags=0}, 8) = 0
rt_sigaction(SIGTTOU, NULL, {sa_handler=SIG_DFL, sa_mask=[], sa_flags=0}, 8) = 0
rt_sigaction(SIGURG, NULL, {sa_handler=SIG_DFL, sa_mask=[], sa_flags=0}, 8) = 0
rt_sigaction(SIGXCPU, NULL, {sa_handler=SIG_DFL, sa_mask=[], sa_flags=0}, 8) = 0
rt_sigaction(SIGXFSZ, {sa_handler=SIG_IGN, sa_mask=[], sa_flags=SA_RESTORER, sa_restorer=0x7d6884c45330}, NULL, 8) = 0
rt_sigaction(SIGVTALRM, NULL, {sa_handler=SIG_DFL, sa_mask=[], sa_flags=0}, 8) = 0
rt_sigaction(SIGPROF, NULL, {sa_handler=SIG_DFL, sa_mask=[], sa_flags=0}, 8) = 0
rt_sigaction(SIGWINCH, NULL, {sa_handler=SIG_DFL, sa_mask=[], sa_flags=0}, 8) = 0
rt_sigaction(SIGIO, NULL, {sa_handler=SIG_DFL, sa_mask=[], sa_flags=0}, 8) = 0
rt_sigaction(SIGPWR, NULL, {sa_handler=SIG_DFL, sa_mask=[], sa_flags=0}, 8) = 0
rt_sigaction(SIGSYS, NULL, {sa_handler=SIG_DFL, sa_mask=[], sa_flags=0}, 8) = 0
fcntl(0, F_GETFL)                       = 0x2 (flags O_RDWR)
ioctl(0, TCGETS, {c_iflag=BRKINT|ICRNL|IXON|IXANY|IMAXBEL|IUTF8, c_oflag=NL0|CR0|TAB0|BS0|VT0|FF0|OPOST|ONLCR, c_cflag=B38400|CS8|CREAD|HUPCL, c_lflag=ISIG|ICANON|ECHO|ECHOE|ECHOK|IEXTEN|ECHOCTL|ECHOKE, ...}) = 0
ioctl(0, TCGETS, {c_iflag=BRKINT|ICRNL|IXON|IXANY|IMAXBEL|IUTF8, c_oflag=NL0|CR0|TAB0|BS0|VT0|FF0|OPOST|ONLCR, c_cflag=B38400|CS8|CREAD|HUPCL, c_lflag=ISIG|ICANON|ECHO|ECHOE|ECHOK|IEXTEN|ECHOCTL|ECHOKE, ...}) = 0
fcntl(1, F_GETFL)                       = 0x2 (flags O_RDWR)
ioctl(1, TCGETS, {c_iflag=BRKINT|ICRNL|IXON|IXANY|IMAXBEL|IUTF8, c_oflag=NL0|CR0|TAB0|BS0|VT0|FF0|OPOST|ONLCR, c_cflag=B38400|CS8|CREAD|HUPCL, c_lflag=ISIG|ICANON|ECHO|ECHOE|ECHOK|IEXTEN|ECHOCTL|ECHOKE, ...}) = 0
ioctl(1, TCGETS, {c_iflag=BRKINT|ICRNL|IXON|IXANY|IMAXBEL|IUTF8, c_oflag=NL0|CR0|TAB0|BS0|VT0|FF0|OPOST|ONLCR, c_cflag=B38400|CS8|CREAD|HUPCL, c_lflag=ISIG|ICANON|ECHO|ECHOE|ECHOK|IEXTEN|ECHOCTL|ECHOKE, ...}) = 0
fcntl(2, F_GETFL)                       = 0x2 (flags O_RDWR)
ioctl(2, TCGETS, {c_iflag=BRKINT|ICRNL|IXON|IXANY|IMAXBEL|IUTF8, c_oflag=NL0|CR0|TAB0|BS0|VT0|FF0|OPOST|ONLCR, c_cflag=B38400|CS8|CREAD|HUPCL, c_lflag=ISIG|ICANON|ECHO|ECHOE|ECHOK|IEXTEN|ECHOCTL|ECHOKE, ...}) = 0
ioctl(2, TCGETS, {c_iflag=BRKINT|ICRNL|IXON|IXANY|IMAXBEL|IUTF8, c_oflag=NL0|CR0|TAB0|BS0|VT0|FF0|OPOST|ONLCR, c_cflag=B38400|CS8|CREAD|HUPCL, c_lflag=ISIG|ICANON|ECHO|ECHOE|ECHOK|IEXTEN|ECHOCTL|ECHOKE, ...}) = 0
rt_sigaction(SIGINT, {sa_handler=0x7d68859b89b0, sa_mask=~[RTMIN RT_1], sa_flags=SA_RESTORER|SA_RESETHAND|0xffffffff00000000, sa_restorer=0x7d6884c45330}, NULL, 8) = 0
rt_sigaction(SIGTERM, {sa_handler=0x7d68859b89b0, sa_mask=~[RTMIN RT_1], sa_flags=SA_RESTORER|SA_RESETHAND|0xffffffff00000000, sa_restorer=0x7d6884c45330}, NULL, 8) = 0
rt_sigaction(SIGSEGV, {sa_handler=0x7d68859b89d0, sa_mask=[], sa_flags=SA_RESTORER|SA_SIGINFO, sa_restorer=0x7d6884c45330}, NULL, 8) = 0
prlimit64(0, RLIMIT_NOFILE, NULL, {rlim_cur=1024*1024, rlim_max=1024*1024}) = 0
fcntl(0, F_SETFD, FD_CLOEXEC)           = 0
fcntl(1, F_SETFD, FD_CLOEXEC)           = 0
fcntl(2, F_SETFD, FD_CLOEXEC)           = 0
fcntl(3, F_SETFD, FD_CLOEXEC)           = -1 EBADF (Bad file descriptor)
fcntl(4, F_SETFD, FD_CLOEXEC)           = -1 EBADF (Bad file descriptor)
fcntl(5, F_SETFD, FD_CLOEXEC)           = -1 EBADF (Bad file descriptor)
fcntl(6, F_SETFD, FD_CLOEXEC)           = -1 EBADF (Bad file descriptor)
fcntl(7, F_SETFD, FD_CLOEXEC)           = -1 EBADF (Bad file descriptor)
fcntl(8, F_SETFD, FD_CLOEXEC)           = -1 EBADF (Bad file descriptor)
fcntl(9, F_SETFD, FD_CLOEXEC)           = -1 EBADF (Bad file descriptor)
fcntl(10, F_SETFD, FD_CLOEXEC)          = -1 EBADF (Bad file descriptor)
fcntl(11, F_SETFD, FD_CLOEXEC)          = -1 EBADF (Bad file descriptor)
fcntl(12, F_SETFD, FD_CLOEXEC)          = -1 EBADF (Bad file descriptor)
fcntl(13, F_SETFD, FD_CLOEXEC)          = -1 EBADF (Bad file descriptor)
fcntl(14, F_SETFD, FD_CLOEXEC)          = -1 EBADF (Bad file descriptor)
fcntl(15, F_SETFD, FD_CLOEXEC)          = -1 EBADF (Bad file descriptor)
fcntl(16, F_SETFD, FD_CLOEXEC)          = -1 EBADF (Bad file descriptor)
getpid()                                = 660102
capget({version=_LINUX_CAPABILITY_VERSION_3, pid=660102}, {effective=0, permitted=0, inheritable=0}) = 0
getuid()                                = 1001
geteuid()                               = 1001
getgid()                                = 1001
getegid()                               = 1001
getpid()                                = 660102
capget({version=_LINUX_CAPABILITY_VERSION_3, pid=660102}, {effective=0, permitted=0, inheritable=0}) = 0
getuid()                                = 1001
geteuid()                               = 1001
getgid()                                = 1001
getegid()                               = 1001
getpid()                                = 660102
capget({version=_LINUX_CAPABILITY_VERSION_3, pid=660102}, {effective=0, permitted=0, inheritable=0}) = 0
getuid()                                = 1001
geteuid()                               = 1001
getgid()                                = 1001
getegid()                               = 1001
getpid()                                = 660102
capget({version=_LINUX_CAPABILITY_VERSION_3, pid=660102}, {effective=0, permitted=0, inheritable=0}) = 0
getuid()                                = 1001
geteuid()                               = 1001
getgid()                                = 1001
getegid()                               = 1001
getpid()                                = 660102
capget({version=_LINUX_CAPABILITY_VERSION_3, pid=660102}, {effective=0, permitted=0, inheritable=0}) = 0
getuid()                                = 1001
geteuid()                               = 1001
getgid()                                = 1001
getegid()                               = 1001
getpid()                                = 660102
capget({version=_LINUX_CAPABILITY_VERSION_3, pid=660102}, {effective=0, permitted=0, inheritable=0}) = 0
getuid()                                = 1001
geteuid()                               = 1001
getgid()                                = 1001
getegid()                               = 1001
futex(0x7d688400c258, FUTEX_WAKE_PRIVATE, 2147483647) = 0
newfstatat(AT_FDCWD, "/usr/share/zoneinfo-icu/44/le/zoneinfo64.res", 0x7ffe39e557b0, 0) = -1 ENOENT (No such file or directory)
getpid()                                = 660102
capget({version=_LINUX_CAPABILITY_VERSION_3, pid=660102}, {effective=0, permitted=0, inheritable=0}) = 0
getuid()                                = 1001
geteuid()                               = 1001
getgid()                                = 1001
getegid()                               = 1001
futex(0x7d6884b103ec, FUTEX_WAKE_PRIVATE, 2147483647) = 0
futex(0x7d6884b103e0, FUTEX_WAKE_PRIVATE, 2147483647) = 0
futex(0x7d6884b103d8, FUTEX_WAKE_PRIVATE, 2147483647) = 0
openat(AT_FDCWD, "/proc/sys/crypto/fips_enabled", O_RDONLY) = -1 ENOENT (No such file or directory)
futex(0x7d6884b100ec, FUTEX_WAKE_PRIVATE, 2147483647) = 0
futex(0x7d6884b0ff08, FUTEX_WAKE_PRIVATE, 2147483647) = 0
futex(0x7d6884b0fe44, FUTEX_WAKE_PRIVATE, 2147483647) = 0
futex(0x7d6884b10424, FUTEX_WAKE_PRIVATE, 2147483647) = 0
futex(0x7d6884b0fe38, FUTEX_WAKE_PRIVATE, 2147483647) = 0
brk(0x5e7a9fd35000)                     = 0x5e7a9fd35000
futex(0x7d6884b103d0, FUTEX_WAKE_PRIVATE, 2147483647) = 0
openat(AT_FDCWD, "/usr/lib/ssl/openssl.cnf", O_RDONLY) = 3
fstat(3, {st_mode=S_IFREG|0644, st_size=12324, ...}) = 0
read(3, "#\n# OpenSSL example configuratio"..., 4096) = 4096
read(3, "d attributes must be the same, a"..., 4096) = 4096
read(3, "coding of an extension: beware e"..., 4096) = 4096
read(3, " = $insta::certout # insta.cert."..., 4096) = 36
read(3, "", 4096)                       = 0
close(3)                                = 0
futex(0x7d6884b103b8, FUTEX_WAKE_PRIVATE, 2147483647) = 0
futex(0x7d6884b10520, FUTEX_WAKE_PRIVATE, 2147483647) = 0
futex(0x7d6884b104e0, FUTEX_WAKE_PRIVATE, 2147483647) = 0
futex(0x7d6884b103c8, FUTEX_WAKE_PRIVATE, 2147483647) = 0
futex(0x7d6884b103c0, FUTEX_WAKE_PRIVATE, 2147483647) = 0
getpid()                                = 660102
brk(0x5e7a9fd56000)                     = 0x5e7a9fd56000
brk(0x5e7a9fd55000)                     = 0x5e7a9fd55000
getrandom("\x93\x0a\x54\xd3\x44\x73\xcc\x06\x7c\x82\x8e\x05\x08\xcd\xa8\x35\xdf\x95\x5a\x51\x20\xb0\x0f\x96\xf8\xb1\xe7\xf2\xbd\xfe\x45\xb5"..., 48, 0) = 48
getpid()                                = 660102
getpid()                                = 660102
getpid()                                = 660102
capget({version=_LINUX_CAPABILITY_VERSION_3, pid=660102}, {effective=0, permitted=0, inheritable=0}) = 0
getuid()                                = 1001
geteuid()                               = 1001
getgid()                                = 1001
getegid()                               = 1001
epoll_create1(EPOLL_CLOEXEC)            = 3
openat(AT_FDCWD, "/proc/version_signature", O_RDONLY|O_CLOEXEC) = 4
read(4, "Ubuntu 6.8.0-78.78-generic 6.8.1"..., 255) = 34
close(4)                                = 0
io_uring_setup(64, {flags=IORING_SETUP_SQPOLL, sq_thread_cpu=0, sq_thread_idle=10, sq_entries=64, cq_entries=128, features=IORING_FEAT_SINGLE_MMAP|IORING_FEAT_NODROP|IORING_FEAT_SUBMIT_STABLE|IORING_FEAT_RW_CUR_POS|IORING_FEAT_CUR_PERSONALITY|IORING_FEAT_FAST_POLL|IORING_FEAT_POLL_32BITS|IORING_FEAT_SQPOLL_NONFIXED|IORING_FEAT_EXT_ARG|IORING_FEAT_NATIVE_WORKERS|IORING_FEAT_RSRC_TAGS|IORING_FEAT_CQE_SKIP|IORING_FEAT_LINKED_FILE|IORING_FEAT_REG_REG_RING, sq_off={head=0, tail=4, ring_mask=16, ring_entries=24, flags=36, dropped=32, array=2112, user_addr=0}, cq_off={head=8, tail=12, ring_mask=20, ring_entries=28, overflow=44, cqes=64, flags=40, user_addr=0}}) = 4
mmap(NULL, 2368, PROT_READ|PROT_WRITE, MAP_SHARED|MAP_POPULATE, 4, 0) = 0x7d6887f6e000
mmap(NULL, 4096, PROT_READ|PROT_WRITE, MAP_SHARED|MAP_POPULATE, 4, 0x10000000) = 0x7d6887f6d000
epoll_ctl(3, EPOLL_CTL_ADD, 4, {events=EPOLLIN, data={u32=4, u64=4}}) = 0
io_uring_setup(256, {flags=0, sq_thread_cpu=0, sq_thread_idle=0, sq_entries=256, cq_entries=512, features=IORING_FEAT_SINGLE_MMAP|IORING_FEAT_NODROP|IORING_FEAT_SUBMIT_STABLE|IORING_FEAT_RW_CUR_POS|IORING_FEAT_CUR_PERSONALITY|IORING_FEAT_FAST_POLL|IORING_FEAT_POLL_32BITS|IORING_FEAT_SQPOLL_NONFIXED|IORING_FEAT_EXT_ARG|IORING_FEAT_NATIVE_WORKERS|IORING_FEAT_RSRC_TAGS|IORING_FEAT_CQE_SKIP|IORING_FEAT_LINKED_FILE|IORING_FEAT_REG_REG_RING, sq_off={head=0, tail=4, ring_mask=16, ring_entries=24, flags=36, dropped=32, array=8256, user_addr=0}, cq_off={head=8, tail=12, ring_mask=20, ring_entries=28, overflow=44, cqes=64, flags=40, user_addr=0}}) = 5
mmap(NULL, 9280, PROT_READ|PROT_WRITE, MAP_SHARED|MAP_POPULATE, 5, 0) = 0x7d6887f6a000
mmap(NULL, 16384, PROT_READ|PROT_WRITE, MAP_SHARED|MAP_POPULATE, 5, 0x10000000) = 0x7d6887dae000
pipe2([6, 7], O_CLOEXEC)                = 0
write(7, "*", 1)                        = 1
futex(0x7d6887f4a650, FUTEX_WAKE_PRIVATE, 2147483647) = 0
pipe2([8, 9], O_NONBLOCK|O_CLOEXEC)     = 0
eventfd2(0, EFD_CLOEXEC|EFD_NONBLOCK)   = 10
prlimit64(0, RLIMIT_STACK, NULL, {rlim_cur=8192*1024, rlim_max=RLIM64_INFINITY}) = 0
rt_sigaction(SIGRT_1, {sa_handler=0x7d6884c99530, sa_mask=[], sa_flags=SA_RESTORER|SA_ONSTACK|SA_RESTART|SA_SIGINFO, sa_restorer=0x7d6884c45330}, NULL, 8) = 0
rt_sigprocmask(SIG_UNBLOCK, [RTMIN RT_1], NULL, 8) = 0
mmap(NULL, 8392704, PROT_NONE, MAP_PRIVATE|MAP_ANONYMOUS|MAP_STACK, -1, 0) = 0x7d68813ff000
mprotect(0x7d6881400000, 8388608, PROT_READ|PROT_WRITE) = 0
rt_sigprocmask(SIG_BLOCK, ~[], [USR1], 8) = 0
clone3({flags=CLONE_VM|CLONE_FS|CLONE_FILES|CLONE_SIGHAND|CLONE_THREAD|CLONE_SYSVSEM|CLONE_SETTLS|CLONE_PARENT_SETTID|CLONE_CHILD_CLEARTID, child_tid=0x7d6881bff990, parent_tid=0x7d6881bff990, exit_signal=0, stack=0x7d68813ff000, stack_size=0x7ffec0, tls=0x7d6881bff6c0} => {parent_tid=[660104]}, 88) = 660104
rt_sigprocmask(SIG_SETMASK, [USR1], NULL, 8) = 0
futex(0x5e7a9fd51190, FUTEX_WAIT_BITSET_PRIVATE|FUTEX_CLOCK_REALTIME, 0, NULL, FUTEX_BITSET_MATCH_ANY) = 0
prlimit64(0, RLIMIT_STACK, NULL, {rlim_cur=8192*1024, rlim_max=RLIM64_INFINITY}) = 0
mmap(NULL, 8392704, PROT_NONE, MAP_PRIVATE|MAP_ANONYMOUS|MAP_STACK, -1, 0) = 0x7d6880bfe000
mprotect(0x7d6880bff000, 8388608, PROT_READ|PROT_WRITE) = 0
rt_sigprocmask(SIG_BLOCK, ~[], [USR1], 8) = 0
clone3({flags=CLONE_VM|CLONE_FS|CLONE_FILES|CLONE_SIGHAND|CLONE_THREAD|CLONE_SYSVSEM|CLONE_SETTLS|CLONE_PARENT_SETTID|CLONE_CHILD_CLEARTID, child_tid=0x7d68813fe990, parent_tid=0x7d68813fe990, exit_signal=0, stack=0x7d6880bfe000, stack_size=0x7ffec0, tls=0x7d68813fe6c0} => {parent_tid=[660106]}, 88) = 660106
rt_sigprocmask(SIG_SETMASK, [USR1], NULL, 8) = 0
prlimit64(0, RLIMIT_STACK, NULL, {rlim_cur=8192*1024, rlim_max=RLIM64_INFINITY}) = 0
mmap(NULL, 8392704, PROT_NONE, MAP_PRIVATE|MAP_ANONYMOUS|MAP_STACK, -1, 0) = 0x7d68803fd000
mprotect(0x7d68803fe000, 8388608, PROT_READ|PROT_WRITE) = 0
rt_sigprocmask(SIG_BLOCK, ~[], [USR1], 8) = 0
clone3({flags=CLONE_VM|CLONE_FS|CLONE_FILES|CLONE_SIGHAND|CLONE_THREAD|CLONE_SYSVSEM|CLONE_SETTLS|CLONE_PARENT_SETTID|CLONE_CHILD_CLEARTID, child_tid=0x7d6880bfd990, parent_tid=0x7d6880bfd990, exit_signal=0, stack=0x7d68803fd000, stack_size=0x7ffec0, tls=0x7d6880bfd6c0} => {parent_tid=[660107]}, 88) = 660107
rt_sigprocmask(SIG_SETMASK, [USR1], NULL, 8) = 0
prlimit64(0, RLIMIT_STACK, NULL, {rlim_cur=8192*1024, rlim_max=RLIM64_INFINITY}) = 0
mmap(NULL, 8392704, PROT_NONE, MAP_PRIVATE|MAP_ANONYMOUS|MAP_STACK, -1, 0) = 0x7d687b7ff000
mprotect(0x7d687b800000, 8388608, PROT_READ|PROT_WRITE) = 0
rt_sigprocmask(SIG_BLOCK, ~[], [USR1], 8) = 0
clone3({flags=CLONE_VM|CLONE_FS|CLONE_FILES|CLONE_SIGHAND|CLONE_THREAD|CLONE_SYSVSEM|CLONE_SETTLS|CLONE_PARENT_SETTID|CLONE_CHILD_CLEARTID, child_tid=0x7d687bfff990, parent_tid=0x7d687bfff990, exit_signal=0, stack=0x7d687b7ff000, stack_size=0x7ffec0, tls=0x7d687bfff6c0} => {parent_tid=[660108]}, 88) = 660108
rt_sigprocmask(SIG_SETMASK, [USR1], NULL, 8) = 0
prlimit64(0, RLIMIT_STACK, NULL, {rlim_cur=8192*1024, rlim_max=RLIM64_INFINITY}) = 0
mmap(NULL, 8392704, PROT_NONE, MAP_PRIVATE|MAP_ANONYMOUS|MAP_STACK, -1, 0) = 0x7d687affe000
mprotect(0x7d687afff000, 8388608, PROT_READ|PROT_WRITE) = 0
rt_sigprocmask(SIG_BLOCK, ~[], [USR1], 8) = 0
clone3({flags=CLONE_VM|CLONE_FS|CLONE_FILES|CLONE_SIGHAND|CLONE_THREAD|CLONE_SYSVSEM|CLONE_SETTLS|CLONE_PARENT_SETTID|CLONE_CHILD_CLEARTID, child_tid=0x7d687b7fe990, parent_tid=0x7d687b7fe990, exit_signal=0, stack=0x7d687affe000, stack_size=0x7ffec0, tls=0x7d687b7fe6c0} => {parent_tid=[660109]}, 88) = 660109
rt_sigprocmask(SIG_SETMASK, [USR1], NULL, 8) = 0
futex(0x7ffe39e56070, FUTEX_WAKE_PRIVATE, 1) = 1
futex(0x7ffe39e560c8, FUTEX_WAIT_BITSET_PRIVATE|FUTEX_CLOCK_REALTIME, 0, NULL, FUTEX_BITSET_MATCH_ANY) = 0
futex(0x7ffe39e56070, FUTEX_WAKE_PRIVATE, 1) = 0
futex(0x7ffe39e56070, FUTEX_WAKE_PRIVATE, 1) = 0
futex(0x7d6883c7a7c8, FUTEX_WAKE_PRIVATE, 2147483647) = 0
brk(0x5e7a9fd76000)                     = 0x5e7a9fd76000
uname({sysname="Linux", nodename="ubuntu2404", ...}) = 0
pkey_alloc(0, PKEY_DISABLE_ACCESS)      = 1
epoll_create1(EPOLL_CLOEXEC)            = 17
io_uring_setup(64, {flags=IORING_SETUP_SQPOLL, sq_thread_cpu=0, sq_thread_idle=10, sq_entries=64, cq_entries=128, features=IORING_FEAT_SINGLE_MMAP|IORING_FEAT_NODROP|IORING_FEAT_SUBMIT_STABLE|IORING_FEAT_RW_CUR_POS|IORING_FEAT_CUR_PERSONALITY|IORING_FEAT_FAST_POLL|IORING_FEAT_POLL_32BITS|IORING_FEAT_SQPOLL_NONFIXED|IORING_FEAT_EXT_ARG|IORING_FEAT_NATIVE_WORKERS|IORING_FEAT_RSRC_TAGS|IORING_FEAT_CQE_SKIP|IORING_FEAT_LINKED_FILE|IORING_FEAT_REG_REG_RING, sq_off={head=0, tail=4, ring_mask=16, ring_entries=24, flags=36, dropped=32, array=2112, user_addr=0}, cq_off={head=8, tail=12, ring_mask=20, ring_entries=28, overflow=44, cqes=64, flags=40, user_addr=0}}) = 18
mmap(NULL, 2368, PROT_READ|PROT_WRITE, MAP_SHARED|MAP_POPULATE, 18, 0) = 0x7d6887f67000
mmap(NULL, 4096, PROT_READ|PROT_WRITE, MAP_SHARED|MAP_POPULATE, 18, 0x10000000) = 0x7d6887dad000
epoll_ctl(17, EPOLL_CTL_ADD, 18, {events=EPOLLIN, data={u32=18, u64=18}}) = 0
io_uring_setup(256, {flags=0, sq_thread_cpu=0, sq_thread_idle=0, sq_entries=256, cq_entries=512, features=IORING_FEAT_SINGLE_MMAP|IORING_FEAT_NODROP|IORING_FEAT_SUBMIT_STABLE|IORING_FEAT_RW_CUR_POS|IORING_FEAT_CUR_PERSONALITY|IORING_FEAT_FAST_POLL|IORING_FEAT_POLL_32BITS|IORING_FEAT_SQPOLL_NONFIXED|IORING_FEAT_EXT_ARG|IORING_FEAT_NATIVE_WORKERS|IORING_FEAT_RSRC_TAGS|IORING_FEAT_CQE_SKIP|IORING_FEAT_LINKED_FILE|IORING_FEAT_REG_REG_RING, sq_off={head=0, tail=4, ring_mask=16, ring_entries=24, flags=36, dropped=32, array=8256, user_addr=0}, cq_off={head=8, tail=12, ring_mask=20, ring_entries=28, overflow=44, cqes=64, flags=40, user_addr=0}}) = 19
mmap(NULL, 9280, PROT_READ|PROT_WRITE, MAP_SHARED|MAP_POPULATE, 19, 0) = 0x7d6884e28000
mmap(NULL, 16384, PROT_READ|PROT_WRITE, MAP_SHARED|MAP_POPULATE, 19, 0x10000000) = 0x7d6884e24000
pipe2([20, 21], O_NONBLOCK|O_CLOEXEC)   = 0
eventfd2(0, EFD_CLOEXEC|EFD_NONBLOCK)   = 26
openat(AT_FDCWD, "/proc/self/cgroup", O_RDONLY|O_CLOEXEC) = 28
read(28, "0::/user.slice/user-1001.slice/u"..., 1023) = 79
close(28)                               = 0
openat(AT_FDCWD, "/sys/fs/cgroup/user.slice/user-1001.slice/user@1001.service/app.slice/code-tunnel.service/memory.max", O_RDONLY|O_CLOEXEC) = 28
read(28, "max\n", 31)                   = 4
close(28)                               = 0
openat(AT_FDCWD, "/sys/fs/cgroup/user.slice/user-1001.slice/user@1001.service/app.slice/code-tunnel.service/memory.high", O_RDONLY|O_CLOEXEC) = 28
read(28, "max\n", 31)                   = 4
close(28)                               = 0
openat(AT_FDCWD, "/proc/meminfo", O_RDONLY|O_CLOEXEC) = 28
read(28, "MemTotal:        8131392 kB\nMemF"..., 4095) = 1531
close(28)                               = 0
brk(0x5e7a9fd9c000)                     = 0x5e7a9fd9c000
brk(0x5e7a9fdbd000)                     = 0x5e7a9fdbd000
getpid()                                = 660102
getpid()                                = 660102
getpid()                                = 660102
openat(AT_FDCWD, "/proc/self/maps", O_RDONLY) = 28
fstat(28, {st_mode=S_IFREG|0444, st_size=0, ...}) = 0
read(28, "5e7a8f0ce000-5e7a8f0cf000 r--p 0"..., 1024) = 1024
read(28, "400000 ---p 00000000 00:00 0 \n7d"..., 1024) = 1024
read(28, "3\n7d6883c6c000-7d6883c77000 r--p"..., 1024) = 1024
read(28, "18n.so.74.2\n7d68842ee000-7d68844"..., 1024) = 1024
read(28, "c000 fc:00 1452389              "..., 1024) = 1024
read(28, "84e32000 rw-s 00000000 00:0f 153"..., 1024) = 1024
read(28, "ffc000 r--p 0009c000 fc:00 14523"..., 1024) = 1024
read(28, "-7d6887dc1000 rw-p 00000000 00:0"..., 1024) = 1024
read(28, "-p 0002b000 fc:00 1457086       "..., 1024) = 1024
read(28, "                   /usr/lib/x86_"..., 1024) = 1024
read(28, "d6887f06000-7d6887f08000 rw-p 00"..., 1024) = 1024
read(28, "p 00032000 fc:00 1457293        "..., 1024) = 1024
read(28, "ode:[io_uring]\n7d6887f6a000-7d68"..., 1024) = 1024
read(28, "tack]\n7ffe39f3b000-7ffe39f3f000 "..., 1024) = 250
close(28)                               = 0
mmap(0x7d6805dd0000, 134217728, PROT_NONE, MAP_PRIVATE|MAP_ANONYMOUS|MAP_NORESERVE, -1, 0) = 0x7d6805dd0000
madvise(0x7d6805dd0000, 134217728, MADV_DONTFORK) = 0
mmap(0x2a1aaa600000, 520192, PROT_NONE, MAP_PRIVATE|MAP_ANONYMOUS|MAP_NORESERVE, -1, 0) = 0x2a1aaa600000
madvise(0x2a1aaa600000, 520192, MADV_DONTFORK) = 0
munmap(0x2a1aaa640000, 258048)          = 0
mprotect(0x2a1aaa600000, 262144, PROT_READ|PROT_WRITE) = 0
getpid()                                = 660102
munmap(0x2a1aaa63e000, 8192)            = 0
mprotect(0x2a1aaa600000, 253952, PROT_READ) = 0
mmap(0x298bb8c80000, 520192, PROT_NONE, MAP_PRIVATE|MAP_ANONYMOUS|MAP_NORESERVE, -1, 0) = 0x298bb8c80000
madvise(0x298bb8c80000, 520192, MADV_DONTFORK) = 0
munmap(0x298bb8cc0000, 258048)          = 0
mprotect(0x298bb8c80000, 262144, PROT_READ|PROT_WRITE) = 0
mmap(0x28a34cc80000, 520192, PROT_NONE, MAP_PRIVATE|MAP_ANONYMOUS|MAP_NORESERVE, -1, 0) = 0x28a34cc80000
madvise(0x28a34cc80000, 520192, MADV_DONTFORK) = 0
munmap(0x28a34ccc0000, 258048)          = 0
mprotect(0x28a34cc80000, 262144, PROT_READ|PROT_WRITE) = 0
mmap(0x20e14b180000, 520192, PROT_NONE, MAP_PRIVATE|MAP_ANONYMOUS|MAP_NORESERVE, -1, 0) = 0x20e14b180000
madvise(0x20e14b180000, 520192, MADV_DONTFORK) = 0
munmap(0x20e14b1c0000, 258048)          = 0
mprotect(0x20e14b180000, 262144, PROT_READ|PROT_WRITE) = 0
mmap(0x1b5f4bc0000, 520192, PROT_NONE, MAP_PRIVATE|MAP_ANONYMOUS|MAP_NORESERVE, -1, 0) = 0x1b5f4bc0000
madvise(0x1b5f4bc0000, 520192, MADV_DONTFORK) = 0
munmap(0x1b5f4c00000, 258048)           = 0
mprotect(0x1b5f4bc0000, 262144, PROT_READ|PROT_WRITE) = 0
getpid()                                = 660102
mmap(0x3dafc6b40000, 520192, PROT_NONE, MAP_PRIVATE|MAP_ANONYMOUS|MAP_NORESERVE, -1, 0) = 0x3dafc6b40000
madvise(0x3dafc6b40000, 520192, MADV_DONTFORK) = 0
munmap(0x3dafc6b80000, 258048)          = 0
mprotect(0x3dafc6b40000, 262144, PROT_READ|PROT_WRITE) = 0
mmap(0x1c7ee1800000, 520192, PROT_NONE, MAP_PRIVATE|MAP_ANONYMOUS|MAP_NORESERVE, -1, 0) = 0x1c7ee1800000
madvise(0x1c7ee1800000, 520192, MADV_DONTFORK) = 0
munmap(0x1c7ee1840000, 258048)          = 0
mprotect(0x1c7ee1800000, 262144, PROT_READ|PROT_WRITE) = 0
mprotect(0x7d6805e00000, 262144, PROT_NONE) = 0
madvise(0x7d6805e00000, 262144, MADV_DONTNEED) = 0
mprotect(0x7d6805e00000, 8192, PROT_READ|PROT_WRITE) = 0
mprotect(0x7d6805e02000, 4096, PROT_NONE) = 0
madvise(0x7d6805e02000, 4096, MADV_DONTNEED) = 0
mprotect(0x7d6805e03000, 245760, PROT_READ|PROT_WRITE|PROT_EXEC) = 0
mprotect(0x7d6805e3f000, 4096, PROT_NONE) = 0
madvise(0x7d6805e3f000, 4096, MADV_DONTNEED) = 0
mprotect(0x7d6805e03000, 245760, PROT_READ|PROT_WRITE|PROT_EXEC) = 0
brk(0x5e7a9fde0000)                     = 0x5e7a9fde0000
munmap(0x3dafc6b52000, 188416)          = 0
mprotect(0x7d6805e32000, 4096, PROT_NONE) = 0
madvise(0x7d6805e32000, 4096, MADV_DONTNEED) = 0
mprotect(0x7d6805e33000, 53248, PROT_NONE) = 0
madvise(0x7d6805e33000, 53248, MADV_DONTNEED) = 0
munmap(0x1c7ee1802000, 253952)          = 0
mprotect(0x7d6805e03000, 192512, PROT_READ|PROT_EXEC) = 0
mmap(0x47cb7200000, 520192, PROT_NONE, MAP_PRIVATE|MAP_ANONYMOUS|MAP_NORESERVE, -1, 0) = 0x47cb7200000
madvise(0x47cb7200000, 520192, MADV_DONTFORK) = 0
munmap(0x47cb7240000, 258048)           = 0
mprotect(0x47cb7200000, 262144, PROT_READ|PROT_WRITE) = 0
mmap(0x309ae7980000, 520192, PROT_NONE, MAP_PRIVATE|MAP_ANONYMOUS|MAP_NORESERVE, -1, 0) = 0x309ae7980000
madvise(0x309ae7980000, 520192, MADV_DONTFORK) = 0
munmap(0x309ae79c0000, 258048)          = 0
mprotect(0x309ae7980000, 262144, PROT_READ|PROT_WRITE) = 0
openat(AT_FDCWD, "/usr/share/nodejs/cjs-module-lexer/lexer.js", O_RDONLY|O_CLOEXEC) = 28
pread64(28, "let source, pos, end;\nlet openTo"..., 4096, 0) = 4096
pread64(28, "      case 101/*e*/:\n        if "..., 4096, 4096) = 4096
pread64(28, "oint === 92/*\\*/)\n        return"..., 4096, 8192) = 4096
pread64(28, "source.startsWith('unction', pos"..., 4096, 12288) = 4096
pread64(28, "\n          ch = commentWhitespac"..., 4096, 16384) = 4096
pread64(28, "mentWhitespace();\n              "..., 4096, 20480) = 4096
pread64(28, "ace();\n          if (!source.sta"..., 4096, 24576) = 4096
pread64(28, "ace();\n      const startPos = po"..., 4096, 28672) = 4096
pread64(28, "ng without limitation the rights"..., 4096, 32768) = 4096
brk(0x5e7a9fe0a000)                     = 0x5e7a9fe0a000
pread64(28, "88\\u2c00-\\u2c2e\\u2c30-\\u2c5e\\u2c"..., 4096, 36864) = 4096
pread64(28, "hars + \"]\")\nconst nonASCIIidenti"..., 4096, 40960) = 4096
pread64(28, "tAt(pos)) {\n    if (isIdentifier"..., 4096, 45056) = 4096
pread64(28, "Dot (c) {\n  return c > 8 && c < "..., 4096, 49152) = 4096
pread64(28, "e.startsWith('catc', curPos - 4)"..., 4096, 53248) = 314
pread64(28, "", 4096, 53562)            = 0
close(28)                               = 0
brk(0x5e7a9fe31000)                     = 0x5e7a9fe31000
openat(AT_FDCWD, "/usr/share/nodejs/cjs-module-lexer/dist/lexer.js", O_RDONLY|O_CLOEXEC) = 28
pread64(28, "\"use strict\";exports.init=init;e"..., 4096, 0) = 4096
pread64(28, "w0SIAQvASBB1wBHDRIgBC8BIkHpAEcNE"..., 4096, 4096) = 4096
pread64(28, "XdqIgJBHUsNAEEBIAJ0IgJBn4CABHENA"..., 4096, 8192) = 4096
pread64(28, "BAUIgVBLEcNAEEAQQAoArygAUECajYCv"..., 4096, 12288) = 4096
pread64(28, "CNFDQMQFEEsRw0DQQBBACgCvKABQQJqN"..., 4096, 16384) = 4096
pread64(28, "movAQAQEyEBCyABC44HAQh/QQAoApgfI"..., 4096, 20480) = 4096
pread64(28, "QBBAQ8LAkAgA0GGH0cNAEEBDwsCQCAAQ"..., 4096, 24576) = 4096
pread64(28, "AAAAAAAAAAAAAAAAAAAAAAAAAAAAAAAA"..., 4096, 28672) = 4096
pread64(28, "EEBDwsCQCAAQWdxIgFBwKR/akEHTw0AQ"..., 4096, 32768) = 4096
pread64(28, "AEgAQu3AQEEf0EAKAK8oAEiAUECaiECA"..., 4096, 36864) = 4096
pread64(28, "AAAAAACAAAACQAAAAIAAAADAAAAAgAAA"..., 4096, 40960) = 1950
pread64(28, "", 4096, 42910)            = 0
close(28)                               = 0
brk(0x5e7a9fe56000)                     = 0x5e7a9fe56000
openat(AT_FDCWD, "/usr/share/nodejs/undici/undici-fetch.js", O_RDONLY|O_CLOEXEC) = 28
pread64(28, "\"use strict\";\nvar __getOwnPropNa"..., 4096, 0) = 4096
pread64(28, "       this.message = message ||"..., 4096, 4096) = 4096
pread64(28, "R_CLOSED\";\n      }\n    };\n    va"..., 4096, 8192) = 4096
pread64(28, "ntError(\"Invalid URL: The URL ar"..., 4096, 12288) = 4096
pread64(28, "stream3, err2) => {\n          st"..., 4096, 16384) = 4096
pread64(28, "       localAddress: socket.loca"..., 4096, 20480) = 4096
pread64(28, "exports2, module2) {\n    \"use st"..., 4096, 24576) = 4096
pread64(28, "ymbol.for(\"undici.globalOrigin.1"..., 4096, 28672) = 4096
pread64(28, "  }\n    function setRequestRefer"..., 4096, 32768) = 4096
pread64(28, "  return areSameOrigin ? referre"..., 4096, 36864) = 4096
pread64(28, " (empty === true) {\n        retu"..., 4096, 40960) = 4096
pread64(28, "(\"Controller is already closed\")"..., 4096, 45056) = 4096
pread64(28, "      header: \"TypeError\",\n     "..., 4096, 49152) = 4096
pread64(28, " return result;\n        }\n      "..., 4096, 53248) = 4096
pread64(28, "== \"Object\" || !types.isAnyArray"..., 4096, 57344) = 4096
pread64(28, "pe {[string, string][]|null} */\n"..., 4096, 61440) = 4096
pread64(28, "guments, 1, { header: \"Headers.d"..., 4096, 65536) = 4096
mmap(NULL, 135168, PROT_READ|PROT_WRITE, MAP_PRIVATE|MAP_ANONYMOUS, -1, 0) = 0x7d6884bdf000
pread64(28, "tor(\n          () => [...this[kH"..., 4096, 69632) = 4096
pread64(28, "this._sbmh_lookup_char(data, pos"..., 4096, 73728) = 4096
pread64(28, "\n      cfg = cfg || {};\n      co"..., 4096, 77824) = 4096
pread64(28, "ader\", header);\n      });\n    }\n"..., 4096, 81920) = 4096
pread64(28, "    if (data && start < end && !"..., 4096, 86016) = 4096
pread64(28, "           continue;\n          }"..., 4096, 90112) = 4096
pread64(28, "arts\", Infinity);\n      const he"..., 4096, 94208) = 4096
pread64(28, "elf._cb = void 0;\n              "..., 4096, 98304) = 4096
pread64(28, "    1,\n      1,\n      1,\n      1"..., 4096, 102400) = 4096
pread64(28, "         if (idxeq > p) {\n      "..., 4096, 106496) = 4096
pread64(28, "        decodeText(this._key, \"b"..., 4096, 110592) = 4096
pread64(28, "\n        if (body === \"failure\")"..., 4096, 114688) = 4096
pread64(28, "terValue = null;\n        if (inp"..., 4096, 118784) = 4096
pread64(28, "essor,\n      URLSerializer,\n    "..., 4096, 122880) = 4096
pread64(28, "dl.dictionaryConverter([\n      {"..., 4096, 126976) = 4096
pread64(28, "l(name) {\n        webidl.brandCh"..., 4096, 131072) = 4096
mmap(NULL, 266240, PROT_READ|PROT_WRITE, MAP_PRIVATE|MAP_ANONYMOUS, -1, 0) = 0x7d6884b9e000
munmap(0x7d6884bdf000, 135168)          = 0
pread64(28, " var {\n      ReadableStreamFrom,"..., 4096, 135168) = 4096
pread64(28, "if (isBlobLike(object)) {\n      "..., 4096, 139264) = 4096
pread64(28, "mData();\n            let busboy;"..., 4096, 143360) = 4096
pread64(28, "yUnusable(body) {\n      return b"..., 4096, 147456) = 4096
pread64(28, "       responseObject[kRealm] = "..., 4096, 151552) = 4096
pread64(28, "ue: \"Response\",\n        configur"..., 4096, 155648) = 4096
pread64(28, "= body.body;\n        if (body.ty"..., 4096, 159744) = 4096
pread64(28, " require_dataURL();\n    var { kH"..., 4096, 163840) = 4096
pread64(28, "ve request\342\200\231s keepalive.\n      "..., 4096, 167936) = 4096
pread64(28, " {\n              const ac2 = acR"..., 4096, 172032) = 4096
pread64(28, " Note that headers added in the "..., 4096, 176128) = 4096
pread64(28, "st);\n        return !!this[kStat"..., 4096, 180224) = 4096
pread64(28, "tSignal = webidl.interfaceConver"..., 4096, 184320) = 4096
pread64(28, "= void 0) {\n          return new"..., 4096, 188416) = 4096
pread64(28, "is.top = 0;\n        this.list = "..., 4096, 192512) = 4096
pread64(28, "argets, err) => {\n          pool"..., 4096, 196608) = 4096
pread64(28, "meout(fastNowTimeout);\n        f"..., 4096, 200704) = 4096
pread64(28, "     throw new InvalidArgumentEr"..., 4096, 204800) = 4096
pread64(28, "xt) {\n        assert(!this.abort"..., 4096, 208896) = 4096
pread64(28, "pe === null && key.length === 12"..., 4096, 212992) = 4096
pread64(28, "his._sessionCache.set(sessionKey"..., 4096, 217088) = 4096
pread64(28, "/constants.js\nvar require_consta"..., 4096, 221184) = 4096
pread64(28, "= 5] = \"CONNECT\";\n      METHODS2"..., 4096, 225280) = 4096
pread64(28, "  exports2.ALPHA.push(String.fro"..., 4096, 229376) = 4096
pread64(28, "ss {\n      constructor(dispatch,"..., 4096, 233472) = 4096
pread64(28, ", unknownOrigin) {\n      const r"..., 4096, 237568) = 4096
pread64(28, "NAIAIgBjcDACACQRhqIAY3AwAgAkEQai"..., 4096, 241664) = 4096
pread64(28, "2tBACgC3NeAgAAiA2pB ACADa3EiA0H+"..., 4096, 245760) = 4096
pread64(28, "AGoi BCgCAEcNACAEIAA2AgAgAA0BQQA"..., 4096, 249856) = 4096
pread64(28, "AALQAwC0UBBH8gACgCGCEBIAAvAS4hAi"..., 4096, 253952) = 4096
pread64(28, "CAAIAQRgICAgAAAIQMLIAMLSQECf0EAI"..., 4096, 258048) = 4096
pread64(28, "DIUBC0HRACEWDIQBC0HSACEWDIMBC0HT"..., 4096, 262144) = 4096
mmap(NULL, 528384, PROT_READ|PROT_WRITE, MAP_PRIVATE|MAP_ANONYMOUS, -1, 0) = 0x7d6884b1d000
munmap(0x7d6884b9e000, 266240)          = 0
pread64(28, "AgIAAIhYNHSABIQEMQgsg ACABIgEgAh"..., 4096, 266240) = 4096
pread64(28, "AAQTI2 AhwgACABNgIMIAAgEkEBajYCF"..., 4096, 270336) = 4096
pread64(28, "DBC6gICAACIWRQ0CIABB1wE2AhwgACAM"..., 4096, 274432) = 4096
pread64(28, "DASEWDIQCCyAAQQA2AgAgFkEBaiEF QQ"..., 4096, 278528) = 4096
pread64(28, "0ACyAAIAU2AgBB pwEhFgzoAQsgAEEAN"..., 4096, 282624) = 4096
pread64(28, "ADYCACAWQQFqIQVBFiEWDAULAkAgASIE"..., 4096, 286720) = 4096
pread64(28, "BADYCHCAAIBU2AhQgAEHciICAADYCECA"..., 4096, 290816) = 4096
pread64(28, "1d XV1dXV1dAV1dXQIDXQsgEUEBaiEBQ"..., 4096, 294912) = 4096
pread64(28, "Rg1UIAIgGmsgACgCACIBaiEdIBogAWtB"..., 4096, 299008) = 4096
pread64(28, "CQAJAAkACQAJAIBYtAABBUGoONxcWAAE"..., 4096, 303104) = 4096
pread64(28, "FsbGJhY2sgZXJyb3IgaW4gb25fdmVyc2"..., 4096, 307200) = 4096
pread64(28, "UFSRE9XTgBIUEVfQ0xP U0VEX0NPTk5F"..., 4096, 311296) = 4096
pread64(28, "AAAA AAAAAAAAAAAAbG9zZWVlcC1hbGl"..., 4096, 315392) = 4096
pread64(28, "\n      HeadersOverflowError,\n   "..., 4096, 319488) = 4096
pread64(28, "epAliveTimeout, use keepAliveMax"..., 4096, 323584) = 4096
pread64(28, "xTimeout] = keepAliveMaxTimeout "..., 4096, 327680) = 4096
pread64(28, "P2Session] = null;\n            t"..., 4096, 331776) = 4096
pread64(28, "l(currentParser.ptr, p);\n       "..., 4096, 335872) = 4096
pread64(28, "       const len = new Uint8Arra"..., 4096, 339968) = 4096
pread64(28, "1;\n        }\n        if (upgrade"..., 4096, 344064) = 4096
pread64(28, "thod !== \"HEAD\" && contentLength"..., 4096, 348160) = 4096
pread64(28, "request, err);\n      }\n      cli"..., 4096, 352256) = 4096
pread64(28, " port,\n              servername:"..., 4096, 356352) = 4096
pread64(28, "== 0) {\n          request.body.o"..., 4096, 360448) = 4096
pread64(28, "ntLength, header, expectsPayload"..., 4096, 364544) = 4096
pread64(28, "session.unref();\n      });\n     "..., 4096, 368640) = 4096
pread64(28, ".off(\"error\", onFinished);\n     "..., 4096, 372736) = 4096
pread64(28, "eader } = this;\n        if (sock"..., 4096, 376832) = 4096
pread64(28, "ions\n      } = {}) {\n        sup"..., 4096, 380928) = 4096
pread64(28, "ections;\n        this[kFactory] "..., 4096, 385024) = 4096
pread64(28, "adPort,\n      TAOCheck,\n      ap"..., 4096, 389120) = 4096
pread64(28, "    }\n        responseObject = n"..., 4096, 393216) = 4096
pread64(28, "yContainer = clonePolicyContaine"..., 4096, 397312) = 4096
pread64(28, "ncludes(internalResponse.status)"..., 4096, 401408) = 4096
pread64(28, " };\n      if (fetchParams.proces"..., 4096, 405504) = 4096
pread64(28, "nse.status !== 303 && request.bo"..., 4096, 409600) = 4096
pread64(28, " {\n        httpRequest.headersLi"..., 4096, 413696) = 4096
pread64(28, "    if (isCancelled(fetchParams)"..., 4096, 417792) = 4096
pread64(28, " => agent.dispatch(\n          {\n"..., 4096, 421888) = 4096
pread64(28, "ngth;\n              return this."..., 4096, 425984) = 4096
pread64(28, " {\n          Object.freeze(this."..., 4096, 430080) = 4096
pread64(28, "ter: webidl.converters.USVString"..., 4096, 434176) = 4096
pread64(28, "s a status code\"\n        code !="..., 4096, 438272) = 4096
pread64(28, "et(\"Sec-WebSocket-Extensions\");\n"..., 4096, 442368) = 4096
pread64(28, ", emptyBuffer } = require_consta"..., 4096, 446464) = 4096
pread64(28, ".ping.hasSubscribers) {\n        "..., 4096, 450560) = 4096
pread64(28, "=== 191) {\n          reason = re"..., 4096, 454656) = 4096
pread64(28, "ined} code\n       * @param {stri"..., 4096, 458752) = 4096
pread64(28, "RY);\n            this.#bufferedA"..., 4096, 462848) = 4096
pread64(28, "ebSocket.prototype.CLOSED = stat"..., 4096, 466944) = 3419
pread64(28, "", 4096, 470363)           = 0
close(28)                               = 0
mmap(NULL, 471040, PROT_READ|PROT_WRITE, MAP_PRIVATE|MAP_ANONYMOUS, -1, 0) = 0x7d688458d000
mmap(NULL, 942080, PROT_READ|PROT_WRITE, MAP_PRIVATE|MAP_ANONYMOUS, -1, 0) = 0x7d688411a000
munmap(0x7d6884b1d000, 528384)          = 0
openat(AT_FDCWD, "/usr/share/nodejs/acorn/dist/acorn.js", O_RDONLY|O_CLOEXEC) = 28
pread64(28, "(function (global, factory) {\n  "..., 4096, 0) = 4096
pread64(28, "-\\u0a71\\u0a75\\u0a81-\\u0a83\\u0abc"..., 4096, 4096) = 4096
pread64(28, "c8-\\u12d6\\u12d8-\\u1310\\u1312-\\u1"..., 4096, 8192) = 4096
pread64(28, "= 36 }\n    if (code < 91) { retu"..., 4096, 12288) = 4096
pread64(28, "ly (the presence of these proper"..., 4096, 16384) = 4096
pread64(28, "tring.fromCharCode((code >> 10) "..., 4096, 20480) = 4096
pread64(28, "unction with object in the same\n"..., 4096, 24576) = 4096
pread64(28, "= 64,\n      SCOPE_DIRECT_SUPER ="..., 4096, 28672) = 4096
pread64(28, "tack = [];\n  };\n\n  var prototype"..., 4096, 32768) = 4096
pread64(28, "ce.lastIndex = start;\n      star"..., 4096, 36864) = 4096
pread64(28, "r.expression) }\n    return expr."..., 4096, 40960) = 4096
pread64(28, "ed statement that is the sole\n  "..., 4096, 45056) = 4096
pread64(28, "on();\n    if (this.options.ecmaV"..., 4096, 49152) = 4096
pread64(28, "ct(types$1.braceL);\n    this.lab"..., 4096, 53248) = 4096
pread64(28, "      // Update information abou"..., 4096, 57344) = 4096
pread64(28, "/ Parse a function declaration o"..., 4096, 61440) = 4096
pread64(28, "node);\n        return node\n     "..., 4096, 65536) = 4096
brk(0x5e7a9fe86000)                     = 0x5e7a9fe86000
pread64(28, "d.key.start, \"Classes can't have"..., 4096, 69632) = 4096
pread64(28, "his.startNode();\n        this.ne"..., 4096, 73728) = 4096
pread64(28, "his.startNode();\n      node.loca"..., 4096, 77824) = 4096
pread64(28, "this.checkPatternErrors(refDestr"..., 4096, 81920) = 4096
pread64(28, "true;\n    while (!this.eat(close"..., 4096, 86016) = 4096
pread64(28, "kClashes object may be specified"..., 4096, 90112) = 4096
pread64(28, "n(prevType) {\n    var parent = t"..., 4096, 94208) = 4096
pread64(28, "ns.ecmaVersion >= 6 && prevType "..., 4096, 98304) = 4096
pread64(28, "   oldDoubleProto = refDestructu"..., 4096, 102400) = 4096
pread64(28, "s.next();\n        var startPos ="..., 4096, 106496) = 4096
pread64(28, "rseSubscripts(expr, startPos, st"..., 4096, 110592) = 4096
pread64(28, "Quote) {\n      if (optional || o"..., 4096, 114688) = 4096
pread64(28, "bracketR, true, true, refDestruc"..., 4096, 118784) = 4096
pread64(28, "     if (this.type === types$1.c"..., 4096, 122880) = 4096
pread64(28, "lue\n      };\n    }\n    this.next"..., 4096, 126976) = 4096
pread64(28, "his.parseMaybeDefault(this.start"..., 4096, 131072) = 4096
brk(0x5e7a9fec6000)                     = 0x5e7a9fec6000
pread64(28, "rrowExpression = function(node, "..., 4096, 135168) = 4096
pread64(28, "& refDestructuringErrors.trailin"..., 4096, 139264) = 4096
pread64(28, "eMaybeUnary(null, true, false, f"..., 4096, 143360) = 4096
pread64(28, " return scope }\n    }\n  };\n\n  //"..., 4096, 147456) = 4096
pread64(28, "Separator Zp Private_Use Co Punc"..., 4096, 151552) = 4096
pread64(28, "flags = \"\";\n    this.start = 0;\n"..., 4096, 155648) = 4096
pread64(28, "regexp_pattern(state);\n    }\n  }"..., 4096, 159744) = 4096
pread64(28, "     this.regexp_eatBracedQuanti"..., 4096, 163840) = 4096
pread64(28, "/www.ecma-international.org/ecma"..., 4096, 167936) = 4096
pread64(28, "_eatBackReference = function(sta"..., 4096, 172032) = 4096
pread64(28, "&\n        state.eat(0x7D /* } */"..., 4096, 176128) = 4096
pread64(28, "nction isUnicodePropertyNameChar"..., 4096, 180224) = 4096
pread64(28, "{\n        state.raise(\"Invalid e"..., 4096, 184320) = 4096
pread64(28, "Loc;\n    this.lastTokStartLoc = "..., 4096, 188416) = 4096
pread64(28, " Called at the end of every toke"..., 4096, 192512) = 4096
pread64(28, "Token()\n    }\n    if (next === 6"..., 4096, 196608) = 4096
pread64(28, "33: // '=!'\n      return this.re"..., 4096, 200704) = 4096
pread64(28, "parseFloat(value)` stops parsing"..., 4096, 204800) = 4096
pread64(28, "  this.readTmplToken();\n    } ca"..., 4096, 208896) = 4096
pread64(28, " \"0\" || ch === 56 || ch === 57) "..., 4096, 212992) = 4096
pread64(28, "  exports.TokContext = TokContex"..., 4096, 217088) = 659
pread64(28, "", 4096, 217747)           = 0
close(28)                               = 0
brk(0x5e7a9fefb000)                     = 0x5e7a9fefb000
brk(0x5e7a9ff65000)                     = 0x5e7a9ff65000
openat(AT_FDCWD, "/usr/share/nodejs/acorn-walk/dist/walk.js", O_RDONLY|O_CLOEXEC) = 28
pread64(28, "(function (global, factory) {\n  "..., 4096, 0) = 4096
pread64(28, "be used as wildcard). Returns a "..., 4096, 4096) = 4096
pread64(28, "equent; i < list.length; i += 1)"..., 4096, 8192) = 4096
pread64(28, " c) {\n    for (var i = 0, list ="..., 4096, 12288) = 3697
pread64(28, "", 4096, 15985)            = 0
close(28)                               = 0
mmap(0x1ccb49800000, 520192, PROT_NONE, MAP_PRIVATE|MAP_ANONYMOUS|MAP_NORESERVE, -1, 0) = 0x1ccb49800000
madvise(0x1ccb49800000, 520192, MADV_DONTFORK) = 0
munmap(0x1ccb49840000, 258048)          = 0
mprotect(0x1ccb49800000, 262144, PROT_READ|PROT_WRITE) = 0
mprotect(0x7d6805e40000, 262144, PROT_NONE) = 0
madvise(0x7d6805e40000, 262144, MADV_DONTNEED) = 0
mprotect(0x7d6805e40000, 8192, PROT_READ|PROT_WRITE) = 0
mprotect(0x7d6805e42000, 4096, PROT_NONE) = 0
madvise(0x7d6805e42000, 4096, MADV_DONTNEED) = 0
mprotect(0x7d6805e43000, 245760, PROT_READ|PROT_WRITE|PROT_EXEC) = 0
mprotect(0x7d6805e7f000, 4096, PROT_NONE) = 0
madvise(0x7d6805e7f000, 4096, MADV_DONTNEED) = 0
mprotect(0x7d6805e43000, 245760, PROT_READ|PROT_WRITE|PROT_EXEC) = 0
mprotect(0x7d6805e43000, 245760, PROT_READ|PROT_EXEC) = 0
mprotect(0x7d6805e43000, 245760, PROT_READ|PROT_WRITE|PROT_EXEC) = 0
mprotect(0x7d6805e43000, 245760, PROT_READ|PROT_EXEC) = 0
write(26, "\1\0\0\0\0\0\0\0", 8)        = 8
mprotect(0x7d6805e43000, 245760, PROT_READ|PROT_WRITE|PROT_EXEC) = 0
mprotect(0x7d6805e43000, 245760, PROT_READ|PROT_EXEC) = 0
mmap(0x9e79e1c0000, 520192, PROT_NONE, MAP_PRIVATE|MAP_ANONYMOUS|MAP_NORESERVE, -1, 0) = 0x9e79e1c0000
madvise(0x9e79e1c0000, 520192, MADV_DONTFORK) = 0
munmap(0x9e79e200000, 258048)           = 0
mprotect(0x9e79e1c0000, 262144, PROT_READ|PROT_WRITE) = 0
mmap(0x82ad6cc0000, 520192, PROT_NONE, MAP_PRIVATE|MAP_ANONYMOUS|MAP_NORESERVE, -1, 0) = 0x82ad6cc0000
madvise(0x82ad6cc0000, 520192, MADV_DONTFORK) = 0
munmap(0x82ad6d00000, 258048)           = 0
mprotect(0x82ad6cc0000, 262144, PROT_READ|PROT_WRITE) = 0
mmap(0x6cee5180000, 520192, PROT_NONE, MAP_PRIVATE|MAP_ANONYMOUS|MAP_NORESERVE, -1, 0) = 0x6cee5180000
madvise(0x6cee5180000, 520192, MADV_DONTFORK) = 0
munmap(0x6cee51c0000, 258048)           = 0
mprotect(0x6cee5180000, 262144, PROT_READ|PROT_WRITE) = 0
mmap(0x3d4a1e740000, 520192, PROT_NONE, MAP_PRIVATE|MAP_ANONYMOUS|MAP_NORESERVE, -1, 0) = 0x3d4a1e740000
madvise(0x3d4a1e740000, 520192, MADV_DONTFORK) = 0
munmap(0x3d4a1e780000, 258048)          = 0
mprotect(0x3d4a1e740000, 262144, PROT_READ|PROT_WRITE) = 0
futex(0x5e7a9fd510d0, FUTEX_WAKE_PRIVATE, 1) = 1
futex(0x5e7a9fd510d0, FUTEX_WAKE_PRIVATE, 1) = 1
futex(0x5e7a9fdde9a0, FUTEX_WAIT_BITSET_PRIVATE|FUTEX_CLOCK_REALTIME, 0, NULL, FUTEX_BITSET_MATCH_ANY) = -1 EAGAIN (Resource temporarily unavailable)
futex(0x5e7a9fdde928, FUTEX_WAKE_PRIVATE, 1) = 0
getpid()                                = 660102
mprotect(0x7d6805e43000, 245760, PROT_READ|PROT_WRITE|PROT_EXEC) = 0
mprotect(0x7d6805e43000, 245760, PROT_READ|PROT_EXEC) = 0
readlink("/proc/self/exe", "/usr/bin/node", 8191) = 13
brk(0x5e7a9ffd8000)                     = 0x5e7a9ffd8000
mmap(NULL, 942080, PROT_READ|PROT_WRITE, MAP_PRIVATE|MAP_ANONYMOUS, -1, 0) = 0x7d6884b1a000
brk(0x5e7aa0005000)                     = 0x5e7aa0005000
getpid()                                = 660102
capget({version=_LINUX_CAPABILITY_VERSION_3, pid=660102}, {effective=0, permitted=0, inheritable=0}) = 0
getuid()                                = 1001
geteuid()                               = 1001
getgid()                                = 1001
getegid()                               = 1001
getpid()                                = 660102
futex(0x7d6887f4a684, FUTEX_WAKE_PRIVATE, 2147483647) = 0
rt_sigprocmask(SIG_SETMASK, ~[RTMIN RT_1], [USR1], 8) = 0
mmap(NULL, 36864, PROT_NONE, MAP_PRIVATE|MAP_ANONYMOUS|MAP_STACK, -1, 0) = 0x7d6884e1b000
mprotect(0x7d6884e1c000, 32768, PROT_READ|PROT_WRITE) = 0
rt_sigprocmask(SIG_BLOCK, ~[], ~[KILL STOP RTMIN RT_1], 8) = 0
clone3({flags=CLONE_VM|CLONE_FS|CLONE_FILES|CLONE_SIGHAND|CLONE_THREAD|CLONE_SYSVSEM|CLONE_SETTLS|CLONE_PARENT_SETTID|CLONE_CHILD_CLEARTID, child_tid=0x7d6884e23990, parent_tid=0x7d6884e23990, exit_signal=0, stack=0x7d6884e1b000, stack_size=0x7ec0, tls=0x7d6884e236c0} => {parent_tid=[660111]}, 88) = 660111
rt_sigprocmask(SIG_SETMASK, ~[KILL STOP RTMIN RT_1], NULL, 8) = 0
rt_sigprocmask(SIG_SETMASK, [USR1], NULL, 8) = 0
rt_sigaction(SIGUSR1, {sa_handler=0x7d6885b2a5e0, sa_mask=~[RTMIN RT_1], sa_flags=SA_RESTORER, sa_restorer=0x7d6884c45330}, NULL, 8) = 0
rt_sigprocmask(SIG_UNBLOCK, [USR1], NULL, 8) = 0
brk(0x5e7aa002d000)                     = 0x5e7aa002d000
mmap(0x3c0d8c640000, 520192, PROT_NONE, MAP_PRIVATE|MAP_ANONYMOUS|MAP_NORESERVE, -1, 0) = 0x3c0d8c640000
madvise(0x3c0d8c640000, 520192, MADV_DONTFORK) = 0
munmap(0x3c0d8c680000, 258048)          = 0
mprotect(0x3c0d8c640000, 262144, PROT_READ|PROT_WRITE) = 0
futex(0x5e7a9fd510d0, FUTEX_WAKE_PRIVATE, 1) = 1
futex(0x5e7a9fd510d0, FUTEX_WAKE_PRIVATE, 1) = 1
futex(0x5e7a9fe4cb40, FUTEX_WAIT_BITSET_PRIVATE|FUTEX_CLOCK_REALTIME, 0, NULL, FUTEX_BITSET_MATCH_ANY) = 0
futex(0x5e7a9fe4cac8, FUTEX_WAKE_PRIVATE, 1) = 0
futex(0x5e7a9fd510d4, FUTEX_WAKE_PRIVATE, 1) = 1
getpid()                                = 660102
mprotect(0x7d6805e43000, 245760, PROT_READ|PROT_WRITE|PROT_EXEC) = 0
mprotect(0x7d6805e43000, 245760, PROT_READ|PROT_EXEC) = 0
mprotect(0x7d6805e43000, 245760, PROT_READ|PROT_WRITE|PROT_EXEC) = 0
mprotect(0x7d6805e43000, 245760, PROT_READ|PROT_EXEC) = 0
brk(0x5e7aa0051000)                     = 0x5e7aa0051000
mprotect(0x7d6805e43000, 245760, PROT_READ|PROT_WRITE|PROT_EXEC) = 0
mprotect(0x7d6805e43000, 245760, PROT_READ|PROT_EXEC) = 0
mmap(0x1e89813c0000, 520192, PROT_NONE, MAP_PRIVATE|MAP_ANONYMOUS|MAP_NORESERVE, -1, 0) = 0x1e89813c0000
madvise(0x1e89813c0000, 520192, MADV_DONTFORK) = 0
munmap(0x1e8981400000, 258048)          = 0
mprotect(0x1e89813c0000, 262144, PROT_READ|PROT_WRITE) = 0
futex(0x5e7a9fd510d4, FUTEX_WAKE_PRIVATE, 1) = 1
futex(0x5e7a9fd510d4, FUTEX_WAKE_PRIVATE, 1) = 1
futex(0x5e7a9ff64fe0, FUTEX_WAIT_BITSET_PRIVATE|FUTEX_CLOCK_REALTIME, 0, NULL, FUTEX_BITSET_MATCH_ANY) = 0
futex(0x5e7a9ff64f68, FUTEX_WAKE_PRIVATE, 1) = 0
futex(0x5e7a9fd510d4, FUTEX_WAKE_PRIVATE, 1) = 1
getpid()                                = 660102
brk(0x5e7aa0079000)                     = 0x5e7aa0079000
mprotect(0x7d6805e43000, 245760, PROT_READ|PROT_WRITE|PROT_EXEC) = 0
mprotect(0x7d6805e43000, 245760, PROT_READ|PROT_EXEC) = 0
getpid()                                = 660102
mmap(0x26b7166c0000, 520192, PROT_NONE, MAP_PRIVATE|MAP_ANONYMOUS|MAP_NORESERVE, -1, 0) = 0x26b7166c0000
madvise(0x26b7166c0000, 520192, MADV_DONTFORK) = 0
munmap(0x26b716700000, 258048)          = 0
mprotect(0x26b7166c0000, 262144, PROT_READ|PROT_WRITE) = 0
getpid()                                = 660102
capget({version=_LINUX_CAPABILITY_VERSION_3, pid=660102}, {effective=0, permitted=0, inheritable=0}) = 0
getuid()                                = 1001
geteuid()                               = 1001
getgid()                                = 1001
getegid()                               = 1001
getpid()                                = 660102
capget({version=_LINUX_CAPABILITY_VERSION_3, pid=660102}, {effective=0, permitted=0, inheritable=0}) = 0
getuid()                                = 1001
geteuid()                               = 1001
getgid()                                = 1001
getegid()                               = 1001
mprotect(0x7d6805e43000, 245760, PROT_READ|PROT_WRITE|PROT_EXEC) = 0
mprotect(0x7d6805e43000, 245760, PROT_READ|PROT_EXEC) = 0
statx(AT_FDCWD, "/usr/local/bin/mint", AT_STATX_SYNC_AS_STAT, STATX_ALL, {stx_mask=STATX_ALL|STATX_MNT_ID, stx_attributes=0, stx_mode=S_IFREG|0755, stx_size=63, ...}) = 0
statx(AT_FDCWD, "/usr", AT_STATX_SYNC_AS_STAT|AT_SYMLINK_NOFOLLOW, STATX_ALL, {stx_mask=STATX_ALL|STATX_MNT_ID, stx_attributes=0, stx_mode=S_IFDIR|0755, stx_size=4096, ...}) = 0
statx(AT_FDCWD, "/usr/local", AT_STATX_SYNC_AS_STAT|AT_SYMLINK_NOFOLLOW, STATX_ALL, {stx_mask=STATX_ALL|STATX_MNT_ID, stx_attributes=0, stx_mode=S_IFDIR|0755, stx_size=4096, ...}) = 0
statx(AT_FDCWD, "/usr/local/bin", AT_STATX_SYNC_AS_STAT|AT_SYMLINK_NOFOLLOW, STATX_ALL, {stx_mask=STATX_ALL|STATX_MNT_ID, stx_attributes=0, stx_mode=S_IFDIR|0755, stx_size=4096, ...}) = 0
statx(AT_FDCWD, "/usr/local/bin/mint", AT_STATX_SYNC_AS_STAT|AT_SYMLINK_NOFOLLOW, STATX_ALL, {stx_mask=STATX_ALL|STATX_MNT_ID, stx_attributes=0, stx_mode=S_IFLNK|0777, stx_size=33, ...}) = 0
statx(AT_FDCWD, "/usr/local/bin/mint", AT_STATX_SYNC_AS_STAT, STATX_ALL, {stx_mask=STATX_ALL|STATX_MNT_ID, stx_attributes=0, stx_mode=S_IFREG|0755, stx_size=63, ...}) = 0
readlink("/usr/local/bin/mint", "../lib/node_modules/mint/index.j"..., 4096) = 33
statx(AT_FDCWD, "/usr/local/lib", AT_STATX_SYNC_AS_STAT|AT_SYMLINK_NOFOLLOW, STATX_ALL, {stx_mask=STATX_ALL|STATX_MNT_ID, stx_attributes=0, stx_mode=S_IFDIR|0755, stx_size=4096, ...}) = 0
statx(AT_FDCWD, "/usr/local/lib/node_modules", AT_STATX_SYNC_AS_STAT|AT_SYMLINK_NOFOLLOW, STATX_ALL, {stx_mask=STATX_ALL|STATX_MNT_ID, stx_attributes=0, stx_mode=S_IFDIR|0755, stx_size=4096, ...}) = 0
statx(AT_FDCWD, "/usr/local/lib/node_modules/mint", AT_STATX_SYNC_AS_STAT|AT_SYMLINK_NOFOLLOW, STATX_ALL, {stx_mask=STATX_ALL|STATX_MNT_ID, stx_attributes=0, stx_mode=S_IFDIR|0755, stx_size=4096, ...}) = 0
statx(AT_FDCWD, "/usr/local/lib/node_modules/mint/index.js", AT_STATX_SYNC_AS_STAT|AT_SYMLINK_NOFOLLOW, STATX_ALL, {stx_mask=STATX_ALL|STATX_MNT_ID, stx_attributes=0, stx_mode=S_IFREG|0755, stx_size=63, ...}) = 0
openat(AT_FDCWD, "/usr/local/lib/node_modules/mint/package.json", O_RDONLY|O_CLOEXEC) = 28
pread64(28, "{\n  \"name\": \"mint\",\n  \"version\":"..., 32768, 0) = 722
close(28)                               = 0
getcwd("/home/sarah/MemMachine/docs", 4096) = 28
statx(AT_FDCWD, "/usr/local/lib/node_modules/mint/index.js", AT_STATX_SYNC_AS_STAT, STATX_ALL, {stx_mask=STATX_ALL|STATX_MNT_ID, stx_attributes=0, stx_mode=S_IFREG|0755, stx_size=63, ...}) = 0
statx(AT_FDCWD, "/usr", AT_STATX_SYNC_AS_STAT|AT_SYMLINK_NOFOLLOW, STATX_ALL, {stx_mask=STATX_ALL|STATX_MNT_ID, stx_attributes=0, stx_mode=S_IFDIR|0755, stx_size=4096, ...}) = 0
statx(AT_FDCWD, "/usr/local", AT_STATX_SYNC_AS_STAT|AT_SYMLINK_NOFOLLOW, STATX_ALL, {stx_mask=STATX_ALL|STATX_MNT_ID, stx_attributes=0, stx_mode=S_IFDIR|0755, stx_size=4096, ...}) = 0
statx(AT_FDCWD, "/usr/local/lib", AT_STATX_SYNC_AS_STAT|AT_SYMLINK_NOFOLLOW, STATX_ALL, {stx_mask=STATX_ALL|STATX_MNT_ID, stx_attributes=0, stx_mode=S_IFDIR|0755, stx_size=4096, ...}) = 0
statx(AT_FDCWD, "/usr/local/lib/node_modules", AT_STATX_SYNC_AS_STAT|AT_SYMLINK_NOFOLLOW, STATX_ALL, {stx_mask=STATX_ALL|STATX_MNT_ID, stx_attributes=0, stx_mode=S_IFDIR|0755, stx_size=4096, ...}) = 0
statx(AT_FDCWD, "/usr/local/lib/node_modules/mint", AT_STATX_SYNC_AS_STAT|AT_SYMLINK_NOFOLLOW, STATX_ALL, {stx_mask=STATX_ALL|STATX_MNT_ID, stx_attributes=0, stx_mode=S_IFDIR|0755, stx_size=4096, ...}) = 0
statx(AT_FDCWD, "/usr/local/lib/node_modules/mint/index.js", AT_STATX_SYNC_AS_STAT|AT_SYMLINK_NOFOLLOW, STATX_ALL, {stx_mask=STATX_ALL|STATX_MNT_ID, stx_attributes=0, stx_mode=S_IFREG|0755, stx_size=63, ...}) = 0
brk(0x5e7aa009b000)                     = 0x5e7aa009b000
mmap(0x5f383d00000, 520192, PROT_NONE, MAP_PRIVATE|MAP_ANONYMOUS|MAP_NORESERVE, -1, 0) = 0x5f383d00000
madvise(0x5f383d00000, 520192, MADV_DONTFORK) = 0
munmap(0x5f383d40000, 258048)           = 0
mprotect(0x5f383d00000, 262144, PROT_READ|PROT_WRITE) = 0
io_uring_enter(18, 0, 0, IORING_ENTER_SQ_WAKEUP, NULL, 0) = 0
io_uring_enter(19, 2, 2, IORING_ENTER_GETEVENTS, NULL, 0) = 2
epoll_pwait(17, [{events=EPOLLIN, data={u32=18, u64=18}}, {events=EPOLLIN, data={u32=26, u64=26}}], 1024, 0, NULL, 8) = 2
read(26, "\1\0\0\0\0\0\0\0", 1024)      = 8
mmap(0x4cd12f40000, 520192, PROT_NONE, MAP_PRIVATE|MAP_ANONYMOUS|MAP_NORESERVE, -1, 0) = 0x4cd12f40000
madvise(0x4cd12f40000, 520192, MADV_DONTFORK) = 0
munmap(0x4cd12f80000, 258048)           = 0
mprotect(0x4cd12f40000, 262144, PROT_READ|PROT_WRITE) = 0
mmap(0x27b253ec0000, 520192, PROT_NONE, MAP_PRIVATE|MAP_ANONYMOUS|MAP_NORESERVE, -1, 0) = 0x27b253ec0000
madvise(0x27b253ec0000, 520192, MADV_DONTFORK) = 0
munmap(0x27b253f00000, 258048)          = 0
mprotect(0x27b253ec0000, 262144, PROT_READ|PROT_WRITE) = 0
mmap(0x375c4240000, 520192, PROT_NONE, MAP_PRIVATE|MAP_ANONYMOUS|MAP_NORESERVE, -1, 0) = 0x375c4240000
madvise(0x375c4240000, 520192, MADV_DONTFORK) = 0
munmap(0x375c4280000, 258048)           = 0
mprotect(0x375c4240000, 262144, PROT_READ|PROT_WRITE) = 0
mmap(0x378eebd00000, 520192, PROT_NONE, MAP_PRIVATE|MAP_ANONYMOUS|MAP_NORESERVE, -1, 0) = 0x378eebd00000
madvise(0x378eebd00000, 520192, MADV_DONTFORK) = 0
munmap(0x378eebd40000, 258048)          = 0
mprotect(0x378eebd00000, 262144, PROT_READ|PROT_WRITE) = 0
mmap(0x2cf97a680000, 520192, PROT_NONE, MAP_PRIVATE|MAP_ANONYMOUS|MAP_NORESERVE, -1, 0) = 0x2cf97a680000
madvise(0x2cf97a680000, 520192, MADV_DONTFORK) = 0
munmap(0x2cf97a6c0000, 258048)          = 0
mprotect(0x2cf97a680000, 262144, PROT_READ|PROT_WRITE) = 0
mmap(0x20ca351c0000, 520192, PROT_NONE, MAP_PRIVATE|MAP_ANONYMOUS|MAP_NORESERVE, -1, 0) = 0x20ca351c0000
madvise(0x20ca351c0000, 520192, MADV_DONTFORK) = 0
munmap(0x20ca35200000, 258048)          = 0
mprotect(0x20ca351c0000, 262144, PROT_READ|PROT_WRITE) = 0
mmap(0x2c72556c0000, 520192, PROT_NONE, MAP_PRIVATE|MAP_ANONYMOUS|MAP_NORESERVE, -1, 0) = 0x2c72556c0000
madvise(0x2c72556c0000, 520192, MADV_DONTFORK) = 0
munmap(0x2c7255700000, 258048)          = 0
mprotect(0x2c72556c0000, 262144, PROT_READ|PROT_WRITE) = 0
mmap(0xcb845d00000, 520192, PROT_NONE, MAP_PRIVATE|MAP_ANONYMOUS|MAP_NORESERVE, -1, 0) = 0xcb845d00000
madvise(0xcb845d00000, 520192, MADV_DONTFORK) = 0
munmap(0xcb845d40000, 258048)           = 0
mprotect(0xcb845d00000, 262144, PROT_READ|PROT_WRITE) = 0
mmap(0x3ea205dc0000, 520192, PROT_NONE, MAP_PRIVATE|MAP_ANONYMOUS|MAP_NORESERVE, -1, 0) = 0x3ea205dc0000
madvise(0x3ea205dc0000, 520192, MADV_DONTFORK) = 0
munmap(0x3ea205e00000, 258048)          = 0
mprotect(0x3ea205dc0000, 262144, PROT_READ|PROT_WRITE) = 0
futex(0x5e7a9fd510d0, FUTEX_WAKE_PRIVATE, 1) = 1
futex(0x5e7a9fd51080, FUTEX_WAKE_PRIVATE, 1) = 1
futex(0x5e7a9fd510d0, FUTEX_WAKE_PRIVATE, 1) = 1
futex(0x5e7a9fd510d0, FUTEX_WAKE_PRIVATE, 1) = 1
futex(0x5e7a9fd51080, FUTEX_WAKE_PRIVATE, 1) = 1
mmap(0x2847a7640000, 520192, PROT_NONE, MAP_PRIVATE|MAP_ANONYMOUS|MAP_NORESERVE, -1, 0) = 0x2847a7640000
madvise(0x2847a7640000, 520192, MADV_DONTFORK) = 0
munmap(0x2847a7680000, 258048)          = 0
mprotect(0x2847a7640000, 262144, PROT_READ|PROT_WRITE) = 0
futex(0x5e7a9fd510d4, FUTEX_WAKE_PRIVATE, 1) = 1
futex(0x5e7a9fd51080, FUTEX_WAKE_PRIVATE, 1) = 1
futex(0x5e7a9fd510d0, FUTEX_WAKE_PRIVATE, 1) = 1
futex(0x5e7a9fd51080, FUTEX_WAKE_PRIVATE, 1) = 1
getpid()                                = 660102
epoll_pwait(17, [{events=EPOLLIN, data={u32=18, u64=18}}], 1024, 0, NULL, 8) = 1
epoll_pwait(17, [{events=EPOLLIN, data={u32=18, u64=18}}], 1024, 0, NULL, 8) = 1
epoll_pwait(17, [{events=EPOLLIN, data={u32=18, u64=18}}], 1024, 0, NULL, 8) = 1
mprotect(0x7d6805e43000, 245760, PROT_READ|PROT_WRITE|PROT_EXEC) = 0
mprotect(0x7d6805e43000, 245760, PROT_READ|PROT_EXEC) = 0
statx(AT_FDCWD, "/usr/local/lib/node_modules/mint/node_modules/@mintlify/cli", AT_STATX_SYNC_AS_STAT, STATX_ALL, {stx_mask=STATX_ALL|STATX_MNT_ID, stx_attributes=0, stx_mode=S_IFDIR|0755, stx_size=4096, ...}) = 0
openat(AT_FDCWD, "/usr/local/lib/node_modules/mint/node_modules/@mintlify/cli/package.json", O_RDONLY|O_CLOEXEC) = 28
pread64(28, "{\n  \"name\": \"@mintlify/cli\",\n  \""..., 32768, 0) = 2260
close(28)                               = 0
brk(0x5e7aa00c4000)                     = 0x5e7aa00c4000
mprotect(0x7d6805e43000, 245760, PROT_READ|PROT_WRITE|PROT_EXEC) = 0
mprotect(0x7d6805e43000, 245760, PROT_READ|PROT_EXEC) = 0
statx(AT_FDCWD, "/usr/local/lib/node_modules/mint/node_modules/@mintlify/cli/bin/index.js", AT_STATX_SYNC_AS_STAT, STATX_ALL, {stx_mask=STATX_ALL|STATX_MNT_ID, stx_attributes=0, stx_mode=S_IFREG|0755, stx_size=3605, ...}) = 0
statx(AT_FDCWD, "/usr/local/lib/node_modules/mint/node_modules", AT_STATX_SYNC_AS_STAT|AT_SYMLINK_NOFOLLOW, STATX_ALL, {stx_mask=STATX_ALL|STATX_MNT_ID, stx_attributes=0, stx_mode=S_IFDIR|0755, stx_size=20480, ...}) = 0
statx(AT_FDCWD, "/usr/local/lib/node_modules/mint/node_modules/@mintlify", AT_STATX_SYNC_AS_STAT|AT_SYMLINK_NOFOLLOW, STATX_ALL, {stx_mask=STATX_ALL|STATX_MNT_ID, stx_attributes=0, stx_mode=S_IFDIR|0755, stx_size=4096, ...}) = 0
statx(AT_FDCWD, "/usr/local/lib/node_modules/mint/node_modules/@mintlify/cli", AT_STATX_SYNC_AS_STAT|AT_SYMLINK_NOFOLLOW, STATX_ALL, {stx_mask=STATX_ALL|STATX_MNT_ID, stx_attributes=0, stx_mode=S_IFDIR|0755, stx_size=4096, ...}) = 0
statx(AT_FDCWD, "/usr/local/lib/node_modules/mint/node_modules/@mintlify/cli/bin", AT_STATX_SYNC_AS_STAT|AT_SYMLINK_NOFOLLOW, STATX_ALL, {stx_mask=STATX_ALL|STATX_MNT_ID, stx_attributes=0, stx_mode=S_IFDIR|0755, stx_size=4096, ...}) = 0
statx(AT_FDCWD, "/usr/local/lib/node_modules/mint/node_modules/@mintlify/cli/bin/index.js", AT_STATX_SYNC_AS_STAT|AT_SYMLINK_NOFOLLOW, STATX_ALL, {stx_mask=STATX_ALL|STATX_MNT_ID, stx_attributes=0, stx_mode=S_IFREG|0755, stx_size=3605, ...}) = 0
mprotect(0x7d6805e43000, 245760, PROT_READ|PROT_WRITE|PROT_EXEC) = 0
mprotect(0x7d6805e43000, 245760, PROT_READ|PROT_EXEC) = 0
openat(AT_FDCWD, "/usr/local/lib/node_modules/mint/node_modules/@mintlify/cli/bin/package.json", O_RDONLY|O_CLOEXEC) = -1 ENOENT (No such file or directory)
epoll_pwait(17, [{events=EPOLLIN, data={u32=18, u64=18}}], 1024, 0, NULL, 8) = 1
epoll_pwait(17, [{events=EPOLLIN, data={u32=18, u64=18}}], 1024, 0, NULL, 8) = 1
epoll_pwait(17, [{events=EPOLLIN, data={u32=18, u64=18}}], 1024, 0, NULL, 8) = 1
epoll_pwait(17, [{events=EPOLLIN, data={u32=18, u64=18}}], 1024, 0, NULL, 8) = 1
mprotect(0x7d6805e43000, 245760, PROT_READ|PROT_WRITE|PROT_EXEC) = 0
mprotect(0x7d6805e43000, 245760, PROT_READ|PROT_EXEC) = 0
rt_sigprocmask(SIG_SETMASK, ~[RTMIN RT_1], [], 8) = 0
read(6, "*", 1)                         = 1
rt_sigaction(SIGINT, {sa_handler=0x7d6887f2b5d0, sa_mask=~[RTMIN RT_1], sa_flags=SA_RESTORER|SA_RESTART, sa_restorer=0x7d6884c45330}, NULL, 8) = 0
write(7, "*", 1)                        = 1
rt_sigprocmask(SIG_SETMASK, [], NULL, 8) = 0
rt_sigprocmask(SIG_SETMASK, ~[RTMIN RT_1], [], 8) = 0
read(6, "*", 1)                         = 1
rt_sigaction(SIGTERM, {sa_handler=0x7d6887f2b5d0, sa_mask=~[RTMIN RT_1], sa_flags=SA_RESTORER|SA_RESTART, sa_restorer=0x7d6884c45330}, NULL, 8) = 0
write(7, "*", 1)                        = 1
rt_sigprocmask(SIG_SETMASK, [], NULL, 8) = 0
rt_sigprocmask(SIG_SETMASK, ~[RTMIN RT_1], [], 8) = 0
read(6, "*", 1)                         = 1
rt_sigaction(SIGQUIT, {sa_handler=0x7d6887f2b5d0, sa_mask=~[RTMIN RT_1], sa_flags=SA_RESTORER|SA_RESTART, sa_restorer=0x7d6884c45330}, NULL, 8) = 0
write(7, "*", 1)                        = 1
rt_sigprocmask(SIG_SETMASK, [], NULL, 8) = 0
rt_sigprocmask(SIG_SETMASK, ~[RTMIN RT_1], [], 8) = 0
read(6, "*", 1)                         = 1
rt_sigaction(SIGHUP, {sa_handler=0x7d6887f2b5d0, sa_mask=~[RTMIN RT_1], sa_flags=SA_RESTORER|SA_RESTART, sa_restorer=0x7d6884c45330}, NULL, 8) = 0
write(7, "*", 1)                        = 1
rt_sigprocmask(SIG_SETMASK, [], NULL, 8) = 0
mprotect(0x7d6805e43000, 245760, PROT_READ|PROT_WRITE|PROT_EXEC) = 0
mprotect(0x7d6805e43000, 245760, PROT_READ|PROT_EXEC) = 0
rt_sigprocmask(SIG_SETMASK, ~[RTMIN RT_1], [], 8) = 0
read(6, "*", 1)                         = 1
rt_sigaction(SIGCHLD, {sa_handler=0x7d6887f2b5d0, sa_mask=~[RTMIN RT_1], sa_flags=SA_RESTORER|SA_RESTART, sa_restorer=0x7d6884c45330}, NULL, 8) = 0
write(7, "*", 1)                        = 1
rt_sigprocmask(SIG_SETMASK, [], NULL, 8) = 0
pipe2([28, 29], O_CLOEXEC)              = 0
rt_sigprocmask(SIG_BLOCK, ~[ILL TRAP ABRT BUS KILL SEGV STOP SYS RTMIN RT_1], [], 8) = 0
clone(child_stack=NULL, flags=CLONE_CHILD_CLEARTID|CLONE_CHILD_SETTID|SIGCHLD, child_tidptr=0x7d6887dbaad0) = 660114
rt_sigprocmask(SIG_SETMASK, [], NULL, 8) = 0
close(29)                               = 0
read(28, "", 4)                         = 0
close(28)                               = 0
epoll_pwait(17, [], 1024, 0, NULL, 8)   = 0
epoll_pwait(17, 0x7ffe39e52f70, 1024, 8074, NULL, 8) = -1 EINTR (Interrupted system call)
--- SIGCHLD {si_signo=SIGCHLD, si_code=CLD_EXITED, si_pid=660114, si_uid=1001, si_status=1, si_utime=238 /* 2.38 s */, si_stime=103 /* 1.03 s */} ---
read(6, "*", 1)                         = 1
write(21, "\350\243\364\207h}\0\0\21\0\0\0\0\0\0\0", 16) = 16
write(7, "*", 1)                        = 1
rt_sigreturn({mask=[]})                 = -1 EINTR (Interrupted system call)
epoll_pwait(17, [{events=EPOLLIN, data={u32=20, u64=20}}], 1024, 5761, NULL, 8) = 1
read(20, "\350\243\364\207h}\0\0\21\0\0\0\0\0\0\0", 512) = 16
wait4(660114, [{WIFEXITED(s) && WEXITSTATUS(s) == 1}], WNOHANG, NULL) = 660114
rt_sigprocmask(SIG_SETMASK, ~[RTMIN RT_1], [], 8) = 0
read(6, "*", 1)                         = 1
rt_sigaction(SIGCHLD, {sa_handler=SIG_DFL, sa_mask=[], sa_flags=SA_RESTORER, sa_restorer=0x7d6884c45330}, NULL, 8) = 0
write(7, "*", 1)                        = 1
rt_sigprocmask(SIG_SETMASK, [], NULL, 8) = 0
close(6)                                = 0
close(7)                                = 0
futex(0x5e7a9fd510d0, FUTEX_WAKE_PRIVATE, 2147483647) = 3
futex(0x5e7a9fd510b8, FUTEX_WAIT_PRIVATE, 5, NULL) = -1 EAGAIN (Resource temporarily unavailable)
futex(0x5e7a9fd510d4, FUTEX_WAKE_PRIVATE, 2147483647) = 1
futex(0x5e7a9fd51080, FUTEX_WAKE_PRIVATE, 1) = 1
write(16, "\1\0\0\0\0\0\0\0", 8)        = 8
futex(0x7d6881bff990, FUTEX_WAIT_BITSET|FUTEX_CLOCK_REALTIME, 660104, NULL, FUTEX_BITSET_MATCH_ANY) = 0
munmap(0x7d68813ff000, 8392704)         = 0
io_uring_enter(5, 2, 2, IORING_ENTER_GETEVENTS, NULL, 0) = 2
epoll_pwait(3, [], 1024, 0, NULL, 8)    = 0
close(8)                                = 0
close(9)                                = 0
munmap(0x7d6887f6a000, 9280)            = 0
munmap(0x7d6887dae000, 16384)           = 0
close(5)                                = 0
munmap(0x7d6887f6e000, 2368)            = 0
munmap(0x7d6887f6d000, 4096)            = 0
close(4)                                = 0
close(10)                               = 0
close(3)                                = 0
munmap(0x7d688411a000, 942080)          = 0
futex(0x7d6884b0fbf8, FUTEX_WAKE_PRIVATE, 2147483647) = 0
fstat(0, {st_mode=S_IFCHR|0620, st_rdev=makedev(0x88, 0x2), ...}) = 0
fcntl(0, F_GETFL)                       = 0x2 (flags O_RDWR)
rt_sigprocmask(SIG_BLOCK, [TTOU], NULL, 8) = 0
ioctl(0, TCGETS, {c_iflag=BRKINT|ICRNL|IXON|IXANY|IMAXBEL|IUTF8, c_oflag=NL0|CR0|TAB0|BS0|VT0|FF0|OPOST|ONLCR, c_cflag=B38400|CS8|CREAD|HUPCL, c_lflag=ISIG|ICANON|ECHO|ECHOE|ECHOK|IEXTEN|ECHOCTL|ECHOKE, ...}) = 0
ioctl(0, TCSETS, {c_iflag=BRKINT|ICRNL|IXON|IXANY|IMAXBEL|IUTF8, c_oflag=NL0|CR0|TAB0|BS0|VT0|FF0|OPOST|ONLCR, c_cflag=B38400|CS8|CREAD|HUPCL, c_lflag=ISIG|ICANON|ECHO|ECHOE|ECHOK|IEXTEN|ECHOCTL|ECHOKE, ...}) = 0
ioctl(0, TCGETS, {c_iflag=BRKINT|ICRNL|IXON|IXANY|IMAXBEL|IUTF8, c_oflag=NL0|CR0|TAB0|BS0|VT0|FF0|OPOST|ONLCR, c_cflag=B38400|CS8|CREAD|HUPCL, c_lflag=ISIG|ICANON|ECHO|ECHOE|ECHOK|IEXTEN|ECHOCTL|ECHOKE, ...}) = 0
rt_sigprocmask(SIG_UNBLOCK, [TTOU], NULL, 8) = 0
fstat(1, {st_mode=S_IFCHR|0620, st_rdev=makedev(0x88, 0x2), ...}) = 0
fcntl(1, F_GETFL)                       = 0x2 (flags O_RDWR)
rt_sigprocmask(SIG_BLOCK, [TTOU], NULL, 8) = 0
ioctl(1, TCGETS, {c_iflag=BRKINT|ICRNL|IXON|IXANY|IMAXBEL|IUTF8, c_oflag=NL0|CR0|TAB0|BS0|VT0|FF0|OPOST|ONLCR, c_cflag=B38400|CS8|CREAD|HUPCL, c_lflag=ISIG|ICANON|ECHO|ECHOE|ECHOK|IEXTEN|ECHOCTL|ECHOKE, ...}) = 0
ioctl(1, TCSETS, {c_iflag=BRKINT|ICRNL|IXON|IXANY|IMAXBEL|IUTF8, c_oflag=NL0|CR0|TAB0|BS0|VT0|FF0|OPOST|ONLCR, c_cflag=B38400|CS8|CREAD|HUPCL, c_lflag=ISIG|ICANON|ECHO|ECHOE|ECHOK|IEXTEN|ECHOCTL|ECHOKE, ...}) = 0
ioctl(1, TCGETS, {c_iflag=BRKINT|ICRNL|IXON|IXANY|IMAXBEL|IUTF8, c_oflag=NL0|CR0|TAB0|BS0|VT0|FF0|OPOST|ONLCR, c_cflag=B38400|CS8|CREAD|HUPCL, c_lflag=ISIG|ICANON|ECHO|ECHOE|ECHOK|IEXTEN|ECHOCTL|ECHOKE, ...}) = 0
rt_sigprocmask(SIG_UNBLOCK, [TTOU], NULL, 8) = 0
fstat(2, {st_mode=S_IFCHR|0620, st_rdev=makedev(0x88, 0x2), ...}) = 0
fcntl(2, F_GETFL)                       = 0x2 (flags O_RDWR)
rt_sigprocmask(SIG_BLOCK, [TTOU], NULL, 8) = 0
ioctl(2, TCGETS, {c_iflag=BRKINT|ICRNL|IXON|IXANY|IMAXBEL|IUTF8, c_oflag=NL0|CR0|TAB0|BS0|VT0|FF0|OPOST|ONLCR, c_cflag=B38400|CS8|CREAD|HUPCL, c_lflag=ISIG|ICANON|ECHO|ECHOE|ECHOK|IEXTEN|ECHOCTL|ECHOKE, ...}) = 0
ioctl(2, TCSETS, {c_iflag=BRKINT|ICRNL|IXON|IXANY|IMAXBEL|IUTF8, c_oflag=NL0|CR0|TAB0|BS0|VT0|FF0|OPOST|ONLCR, c_cflag=B38400|CS8|CREAD|HUPCL, c_lflag=ISIG|ICANON|ECHO|ECHOE|ECHOK|IEXTEN|ECHOCTL|ECHOKE, ...}) = 0
ioctl(2, TCGETS, {c_iflag=BRKINT|ICRNL|IXON|IXANY|IMAXBEL|IUTF8, c_oflag=NL0|CR0|TAB0|BS0|VT0|FF0|OPOST|ONLCR, c_cflag=B38400|CS8|CREAD|HUPCL, c_lflag=ISIG|ICANON|ECHO|ECHOE|ECHOK|IEXTEN|ECHOCTL|ECHOKE, ...}) = 0
rt_sigprocmask(SIG_UNBLOCK, [TTOU], NULL, 8) = 0
munmap(0x7d688458d000, 471040)          = 0
exit_group(1)                           = ?
+++ exited with 1 +++
